{
  "contracts/bond/Bond.sol": {
    "l": {},
    "path": "/Users/aodhgan/windranger/aodhgan/windranger-treasury/contracts/bond/Bond.sol",
    "s": {},
    "b": {},
    "f": {},
    "fnMap": {},
    "statementMap": {},
    "branchMap": {}
  },
  "contracts/bond/BondCreator.sol": {
    "l": {},
    "path": "/Users/aodhgan/windranger/aodhgan/windranger-treasury/contracts/bond/BondCreator.sol",
    "s": {},
    "b": {},
    "f": {},
    "fnMap": {},
    "statementMap": {},
    "branchMap": {}
  },
  "contracts/bond/BondCurator.sol": {
    "l": {
      "29": 2,
      "31": 1,
      "39": 3,
      "41": 2,
      "50": 2,
      "52": 1,
      "60": 2,
      "62": 1,
      "70": 2,
      "72": 1,
      "81": 0,
      "83": 0,
      "91": 2,
      "93": 1,
      "101": 2,
      "103": 1,
      "110": 15,
      "117": 9,
      "125": 2,
      "130": 2,
      "134": 6,
      "138": 13,
      "139": 12,
      "144": 11,
      "146": 11,
      "147": 11,
      "152": 32,
      "153": 32,
      "157": 15
    },
    "path": "/Users/aodhgan/windranger/aodhgan/windranger-treasury/contracts/bond/BondCurator.sol",
    "s": {
      "1": 2,
      "2": 1,
      "3": 3,
      "4": 2,
      "5": 2,
      "6": 1,
      "7": 2,
      "8": 1,
      "9": 2,
      "10": 1,
      "11": 0,
      "12": 0,
      "13": 2,
      "14": 1,
      "15": 2,
      "16": 1,
      "17": 15,
      "18": 9,
      "19": 2,
      "20": 2,
      "21": 6,
      "22": 13,
      "23": 12,
      "24": 11,
      "25": 11,
      "26": 11,
      "27": 32,
      "28": 32,
      "29": 15
    },
    "b": { "1": [2, 0], "2": [12, 1], "3": [11, 1], "4": [11, 0], "5": [8, 7] },
    "f": {
      "1": 2,
      "2": 3,
      "3": 2,
      "4": 2,
      "5": 2,
      "6": 0,
      "7": 2,
      "8": 2,
      "9": 15,
      "10": 9,
      "11": 2,
      "12": 6,
      "13": 13,
      "14": 32,
      "15": 15
    },
    "fnMap": {
      "1": {
        "name": "bondAllowRedemption",
        "line": 28,
        "loc": {
          "start": { "line": 24, "column": 4 },
          "end": { "line": 32, "column": 4 }
        }
      },
      "2": {
        "name": "bondPause",
        "line": 37,
        "loc": {
          "start": { "line": 34, "column": 4 },
          "end": { "line": 42, "column": 4 }
        }
      },
      "3": {
        "name": "bondSlash",
        "line": 49,
        "loc": {
          "start": { "line": 44, "column": 4 },
          "end": { "line": 53, "column": 4 }
        }
      },
      "4": {
        "name": "bondSetMetaData",
        "line": 59,
        "loc": {
          "start": { "line": 55, "column": 4 },
          "end": { "line": 63, "column": 4 }
        }
      },
      "5": {
        "name": "bondSetTreasury",
        "line": 69,
        "loc": {
          "start": { "line": 65, "column": 4 },
          "end": { "line": 73, "column": 4 }
        }
      },
      "6": {
        "name": "bondUpdateRewardTimeLock",
        "line": 80,
        "loc": {
          "start": { "line": 75, "column": 4 },
          "end": { "line": 84, "column": 4 }
        }
      },
      "7": {
        "name": "bondUnpause",
        "line": 89,
        "loc": {
          "start": { "line": 86, "column": 4 },
          "end": { "line": 94, "column": 4 }
        }
      },
      "8": {
        "name": "bondWithdrawCollateral",
        "line": 99,
        "loc": {
          "start": { "line": 96, "column": 4 },
          "end": { "line": 104, "column": 4 }
        }
      },
      "9": {
        "name": "pause",
        "line": 109,
        "loc": {
          "start": { "line": 109, "column": 4 },
          "end": { "line": 111, "column": 4 }
        }
      },
      "10": {
        "name": "unpause",
        "line": 116,
        "loc": {
          "start": { "line": 116, "column": 4 },
          "end": { "line": 118, "column": 4 }
        }
      },
      "11": {
        "name": "bondAt",
        "line": 120,
        "loc": {
          "start": { "line": 120, "column": 4 },
          "end": { "line": 131, "column": 4 }
        }
      },
      "12": {
        "name": "bondCount",
        "line": 133,
        "loc": {
          "start": { "line": 133, "column": 4 },
          "end": { "line": 135, "column": 4 }
        }
      },
      "13": {
        "name": "_addBond",
        "line": 137,
        "loc": {
          "start": { "line": 137, "column": 4 },
          "end": { "line": 148, "column": 4 }
        }
      },
      "14": {
        "name": "__BondCurator_init",
        "line": 151,
        "loc": {
          "start": { "line": 151, "column": 4 },
          "end": { "line": 154, "column": 4 }
        }
      },
      "15": {
        "name": "_requireManagingBond",
        "line": 156,
        "loc": {
          "start": { "line": 156, "column": 4 },
          "end": { "line": 158, "column": 4 }
        }
      }
    },
    "statementMap": {
      "1": {
        "start": { "line": 29, "column": 8 },
        "end": { "line": 29, "column": 40 }
      },
      "2": {
        "start": { "line": 31, "column": 8 },
        "end": { "line": 31, "column": 57 }
      },
      "3": {
        "start": { "line": 39, "column": 8 },
        "end": { "line": 39, "column": 40 }
      },
      "4": {
        "start": { "line": 41, "column": 8 },
        "end": { "line": 41, "column": 41 }
      },
      "5": {
        "start": { "line": 50, "column": 8 },
        "end": { "line": 50, "column": 40 }
      },
      "6": {
        "start": { "line": 52, "column": 8 },
        "end": { "line": 52, "column": 55 }
      },
      "7": {
        "start": { "line": 60, "column": 8 },
        "end": { "line": 60, "column": 40 }
      },
      "8": {
        "start": { "line": 62, "column": 8 },
        "end": { "line": 62, "column": 51 }
      },
      "9": {
        "start": { "line": 70, "column": 8 },
        "end": { "line": 70, "column": 40 }
      },
      "10": {
        "start": { "line": 72, "column": 8 },
        "end": { "line": 72, "column": 58 }
      },
      "11": {
        "start": { "line": 81, "column": 8 },
        "end": { "line": 81, "column": 40 }
      },
      "12": {
        "start": { "line": 83, "column": 8 },
        "end": { "line": 83, "column": 72 }
      },
      "13": {
        "start": { "line": 91, "column": 8 },
        "end": { "line": 91, "column": 40 }
      },
      "14": {
        "start": { "line": 93, "column": 8 },
        "end": { "line": 93, "column": 43 }
      },
      "15": {
        "start": { "line": 101, "column": 8 },
        "end": { "line": 101, "column": 40 }
      },
      "16": {
        "start": { "line": 103, "column": 8 },
        "end": { "line": 103, "column": 54 }
      },
      "17": {
        "start": { "line": 110, "column": 8 },
        "end": { "line": 110, "column": 15 }
      },
      "18": {
        "start": { "line": 117, "column": 8 },
        "end": { "line": 117, "column": 17 }
      },
      "19": {
        "start": { "line": 125, "column": 8 },
        "end": { "line": 125, "column": 3537 }
      },
      "20": {
        "start": { "line": 130, "column": 8 },
        "end": { "line": 130, "column": 64 }
      },
      "21": {
        "start": { "line": 134, "column": 8 },
        "end": { "line": 134, "column": 61 }
      },
      "22": {
        "start": { "line": 138, "column": 8 },
        "end": { "line": 138, "column": 78 }
      },
      "23": {
        "start": { "line": 139, "column": 8 },
        "end": { "line": 139, "column": 4043 }
      },
      "24": {
        "start": { "line": 144, "column": 8 },
        "end": { "line": 144, "column": 33 }
      },
      "25": {
        "start": { "line": 146, "column": 8 },
        "end": { "line": 146, "column": 44 }
      },
      "26": {
        "start": { "line": 147, "column": 8 },
        "end": { "line": 147, "column": 51 }
      },
      "27": {
        "start": { "line": 152, "column": 8 },
        "end": { "line": 152, "column": 33 }
      },
      "28": {
        "start": { "line": 153, "column": 8 },
        "end": { "line": 153, "column": 24 }
      },
      "29": {
        "start": { "line": 157, "column": 8 },
        "end": { "line": 157, "column": 73 }
      }
    },
    "branchMap": {
      "1": {
        "line": 125,
        "type": "if",
        "locations": [
          {
            "start": { "line": 125, "column": 8 },
            "end": { "line": 125, "column": 8 }
          },
          {
            "start": { "line": 125, "column": 8 },
            "end": { "line": 125, "column": 8 }
          }
        ]
      },
      "2": {
        "line": 138,
        "type": "if",
        "locations": [
          {
            "start": { "line": 138, "column": 8 },
            "end": { "line": 138, "column": 8 }
          },
          {
            "start": { "line": 138, "column": 8 },
            "end": { "line": 138, "column": 8 }
          }
        ]
      },
      "3": {
        "line": 139,
        "type": "if",
        "locations": [
          {
            "start": { "line": 139, "column": 8 },
            "end": { "line": 139, "column": 8 }
          },
          {
            "start": { "line": 139, "column": 8 },
            "end": { "line": 139, "column": 8 }
          }
        ]
      },
      "4": {
        "line": 147,
        "type": "if",
        "locations": [
          {
            "start": { "line": 147, "column": 8 },
            "end": { "line": 147, "column": 8 }
          },
          {
            "start": { "line": 147, "column": 8 },
            "end": { "line": 147, "column": 8 }
          }
        ]
      },
      "5": {
        "line": 157,
        "type": "if",
        "locations": [
          {
            "start": { "line": 157, "column": 8 },
            "end": { "line": 157, "column": 8 }
          },
          {
            "start": { "line": 157, "column": 8 },
            "end": { "line": 157, "column": 8 }
          }
        ]
      }
    }
  },
  "contracts/bond/BondFactory.sol": {
    "l": {
      "37": 9,
      "38": 9,
      "47": 35,
      "49": 35,
      "58": 35,
      "59": 35,
      "61": 35,
      "68": 3,
      "75": 3
    },
    "path": "/Users/aodhgan/windranger/aodhgan/windranger-treasury/contracts/bond/BondFactory.sol",
    "s": {
      "1": 9,
      "2": 9,
      "3": 35,
      "4": 35,
      "5": 35,
      "6": 35,
      "7": 35,
      "8": 3,
      "9": 3
    },
    "b": {},
    "f": { "1": 9, "2": 35, "3": 3, "4": 3, "5": 0 },
    "fnMap": {
      "1": {
        "name": "initialize",
        "line": 36,
        "loc": {
          "start": { "line": 36, "column": 4 },
          "end": { "line": 39, "column": 4 }
        }
      },
      "2": {
        "name": "createBond",
        "line": 46,
        "loc": {
          "start": { "line": 41, "column": 4 },
          "end": { "line": 62, "column": 4 }
        }
      },
      "3": {
        "name": "pause",
        "line": 67,
        "loc": {
          "start": { "line": 67, "column": 4 },
          "end": { "line": 69, "column": 4 }
        }
      },
      "4": {
        "name": "unpause",
        "line": 74,
        "loc": {
          "start": { "line": 74, "column": 4 },
          "end": { "line": 76, "column": 4 }
        }
      },
      "5": {
        "name": "_authorizeUpgrade",
        "line": 86,
        "loc": {
          "start": { "line": 83, "column": 4 },
          "end": { "line": 87, "column": 5 }
        }
      }
    },
    "statementMap": {
      "1": {
        "start": { "line": 37, "column": 8 },
        "end": { "line": 37, "column": 33 }
      },
      "2": {
        "start": { "line": 38, "column": 8 },
        "end": { "line": 38, "column": 31 }
      },
      "3": {
        "start": { "line": 47, "column": 8 },
        "end": { "line": 47, "column": 84 }
      },
      "4": {
        "start": { "line": 49, "column": 8 },
        "end": { "line": 49, "column": 1464 }
      },
      "5": {
        "start": { "line": 58, "column": 8 },
        "end": { "line": 58, "column": 66 }
      },
      "6": {
        "start": { "line": 59, "column": 8 },
        "end": { "line": 59, "column": 43 }
      },
      "7": {
        "start": { "line": 61, "column": 8 },
        "end": { "line": 61, "column": 28 }
      },
      "8": {
        "start": { "line": 68, "column": 8 },
        "end": { "line": 68, "column": 15 }
      },
      "9": {
        "start": { "line": 75, "column": 8 },
        "end": { "line": 75, "column": 17 }
      }
    },
    "branchMap": {}
  },
  "contracts/bond/BondMediator.sol": {
    "l": {
      "38": 3,
      "43": 3,
      "44": 3,
      "45": 3,
      "47": 3,
      "56": 3,
      "57": 3,
      "59": 3,
      "61": 3,
      "76": 3,
      "77": 2,
      "82": 1,
      "91": 1,
      "93": 1,
      "106": 0,
      "121": 0,
      "138": 1,
      "142": 0,
      "157": 3,
      "158": 1
    },
    "path": "/Users/aodhgan/windranger/aodhgan/windranger-treasury/contracts/bond/BondMediator.sol",
    "s": {
      "1": 3,
      "2": 3,
      "3": 3,
      "4": 3,
      "5": 3,
      "6": 3,
      "7": 3,
      "8": 3,
      "9": 3,
      "10": 3,
      "11": 2,
      "12": 1,
      "13": 1,
      "14": 1,
      "15": 0,
      "16": 0,
      "17": 1,
      "18": 0,
      "19": 3,
      "20": 1
    },
    "b": { "1": [3, 0], "2": [2, 1], "3": [1, 1], "4": [1, 2] },
    "f": {
      "1": 3,
      "2": 3,
      "3": 3,
      "4": 0,
      "5": 0,
      "6": 1,
      "7": 0,
      "8": 0,
      "9": 3
    },
    "fnMap": {
      "1": {
        "name": "initialize",
        "line": 37,
        "loc": {
          "start": { "line": 37, "column": 4 },
          "end": { "line": 48, "column": 4 }
        }
      },
      "2": {
        "name": "createDao",
        "line": 53,
        "loc": {
          "start": { "line": 50, "column": 4 },
          "end": { "line": 62, "column": 4 }
        }
      },
      "3": {
        "name": "createManagedBond",
        "line": 73,
        "loc": {
          "start": { "line": 64, "column": 4 },
          "end": { "line": 94, "column": 4 }
        }
      },
      "4": {
        "name": "setDaoTreasury",
        "line": 104,
        "loc": {
          "start": { "line": 101, "column": 4 },
          "end": { "line": 107, "column": 4 }
        }
      },
      "5": {
        "name": "removeWhitelistedCollateral",
        "line": 120,
        "loc": {
          "start": { "line": 117, "column": 4 },
          "end": { "line": 122, "column": 4 }
        }
      },
      "6": {
        "name": "whitelistCollateral",
        "line": 136,
        "loc": {
          "start": { "line": 133, "column": 4 },
          "end": { "line": 139, "column": 4 }
        }
      },
      "7": {
        "name": "bondCreator",
        "line": 141,
        "loc": {
          "start": { "line": 141, "column": 4 },
          "end": { "line": 143, "column": 4 }
        }
      },
      "8": {
        "name": "_authorizeUpgrade",
        "line": 153,
        "loc": {
          "start": { "line": 150, "column": 4 },
          "end": { "line": 154, "column": 5 }
        }
      },
      "9": {
        "name": "_grantDaoCreatorAdminRoleInTheirDao",
        "line": 156,
        "loc": {
          "start": { "line": 156, "column": 4 },
          "end": { "line": 160, "column": 4 }
        }
      }
    },
    "statementMap": {
      "1": {
        "start": { "line": 38, "column": 8 },
        "end": { "line": 38, "column": 1317 }
      },
      "2": {
        "start": { "line": 43, "column": 8 },
        "end": { "line": 43, "column": 27 }
      },
      "3": {
        "start": { "line": 44, "column": 8 },
        "end": { "line": 44, "column": 36 }
      },
      "4": {
        "start": { "line": 45, "column": 8 },
        "end": { "line": 45, "column": 31 }
      },
      "5": {
        "start": { "line": 47, "column": 8 },
        "end": { "line": 47, "column": 38 }
      },
      "6": {
        "start": { "line": 56, "column": 8 },
        "end": { "line": 56, "column": 64 }
      },
      "7": {
        "start": { "line": 57, "column": 8 },
        "end": { "line": 57, "column": 46 }
      },
      "8": {
        "start": { "line": 59, "column": 8 },
        "end": { "line": 59, "column": 48 }
      },
      "9": {
        "start": { "line": 61, "column": 8 },
        "end": { "line": 61, "column": 17 }
      },
      "10": {
        "start": { "line": 76, "column": 8 },
        "end": { "line": 76, "column": 58 }
      },
      "11": {
        "start": { "line": 77, "column": 8 },
        "end": { "line": 77, "column": 2317 }
      },
      "12": {
        "start": { "line": 82, "column": 8 },
        "end": { "line": 82, "column": 2467 }
      },
      "13": {
        "start": { "line": 91, "column": 8 },
        "end": { "line": 91, "column": 28 }
      },
      "14": {
        "start": { "line": 93, "column": 8 },
        "end": { "line": 93, "column": 19 }
      },
      "15": {
        "start": { "line": 106, "column": 8 },
        "end": { "line": 106, "column": 42 }
      },
      "16": {
        "start": { "line": 121, "column": 8 },
        "end": { "line": 121, "column": 68 }
      },
      "17": {
        "start": { "line": 138, "column": 8 },
        "end": { "line": 138, "column": 60 }
      },
      "18": {
        "start": { "line": 142, "column": 8 },
        "end": { "line": 142, "column": 32 }
      },
      "19": {
        "start": { "line": 157, "column": 8 },
        "end": { "line": 157, "column": 5030 }
      },
      "20": {
        "start": { "line": 158, "column": 12 },
        "end": { "line": 158, "column": 62 }
      }
    },
    "branchMap": {
      "1": {
        "line": 38,
        "type": "if",
        "locations": [
          {
            "start": { "line": 38, "column": 8 },
            "end": { "line": 38, "column": 8 }
          },
          {
            "start": { "line": 38, "column": 8 },
            "end": { "line": 38, "column": 8 }
          }
        ]
      },
      "2": {
        "line": 76,
        "type": "if",
        "locations": [
          {
            "start": { "line": 76, "column": 8 },
            "end": { "line": 76, "column": 8 }
          },
          {
            "start": { "line": 76, "column": 8 },
            "end": { "line": 76, "column": 8 }
          }
        ]
      },
      "3": {
        "line": 77,
        "type": "if",
        "locations": [
          {
            "start": { "line": 77, "column": 8 },
            "end": { "line": 77, "column": 8 }
          },
          {
            "start": { "line": 77, "column": 8 },
            "end": { "line": 77, "column": 8 }
          }
        ]
      },
      "4": {
        "line": 157,
        "type": "if",
        "locations": [
          {
            "start": { "line": 157, "column": 8 },
            "end": { "line": 157, "column": 8 }
          },
          {
            "start": { "line": 157, "column": 8 },
            "end": { "line": 157, "column": 8 }
          }
        ]
      }
    }
  },
  "contracts/bond/BondPortal.sol": {
    "l": {},
    "path": "/Users/aodhgan/windranger/aodhgan/windranger-treasury/contracts/bond/BondPortal.sol",
    "s": {},
    "b": {},
    "f": {},
    "fnMap": {},
    "statementMap": {},
    "branchMap": {}
  },
  "contracts/bond/DaoBondCollateralWhitelist.sol": {
    "l": {
      "34": 2,
      "35": 2,
      "36": 2,
      "37": 5,
      "39": 2,
      "52": 8,
      "70": 10,
      "71": 9,
      "75": 8,
      "79": 7,
      "83": 7,
      "87": 6,
      "102": 3,
      "103": 2,
      "107": 1,
      "112": 1,
      "114": 1,
      "153": 18
    },
    "path": "/Users/aodhgan/windranger/aodhgan/windranger-treasury/contracts/bond/DaoBondCollateralWhitelist.sol",
    "s": {
      "1": 2,
      "2": 2,
      "3": 2,
      "4": 5,
      "5": 2,
      "6": 8,
      "7": 10,
      "8": 9,
      "9": 8,
      "10": 7,
      "11": 7,
      "12": 6,
      "13": 3,
      "14": 2,
      "15": 1,
      "16": 1,
      "17": 18
    },
    "b": {
      "1": [9, 1],
      "2": [8, 1],
      "3": [7, 1],
      "4": [7, 0],
      "5": [2, 1],
      "6": [1, 1],
      "7": [1, 0]
    },
    "f": { "1": 2, "2": 8, "3": 9, "4": 10, "5": 3, "6": 18 },
    "fnMap": {
      "1": {
        "name": "daoCollateralSymbolWhitelist",
        "line": 29,
        "loc": {
          "start": { "line": 29, "column": 4 },
          "end": { "line": 40, "column": 4 }
        }
      },
      "2": {
        "name": "isAllowedDaoCollateral",
        "line": 48,
        "loc": {
          "start": { "line": 48, "column": 4 },
          "end": { "line": 53, "column": 4 }
        }
      },
      "3": {
        "name": "__DaoBondCollateralWhitelist_init",
        "line": 56,
        "loc": {
          "start": { "line": 56, "column": 4 },
          "end": { "line": 56, "column": 76 }
        }
      },
      "4": {
        "name": "_whitelistDaoCollateral",
        "line": 66,
        "loc": {
          "start": { "line": 66, "column": 4 },
          "end": { "line": 88, "column": 4 }
        }
      },
      "5": {
        "name": "_removeWhitelistedDaoCollateral",
        "line": 98,
        "loc": {
          "start": { "line": 98, "column": 4 },
          "end": { "line": 115, "column": 4 }
        }
      },
      "6": {
        "name": "_isDaoCollateralWhitelisted",
        "line": 149,
        "loc": {
          "start": { "line": 149, "column": 4 },
          "end": { "line": 157, "column": 4 }
        }
      }
    },
    "statementMap": {
      "1": {
        "start": { "line": 34, "column": 8 },
        "end": { "line": 34, "column": 78 }
      },
      "2": {
        "start": { "line": 35, "column": 8 },
        "end": { "line": 35, "column": 59 }
      },
      "3": {
        "start": { "line": 36, "column": 8 },
        "end": { "line": 36, "column": 1483 }
      },
      "4": {
        "start": { "line": 37, "column": 12 },
        "end": { "line": 37, "column": 71 }
      },
      "5": {
        "start": { "line": 39, "column": 8 },
        "end": { "line": 39, "column": 22 }
      },
      "6": {
        "start": { "line": 52, "column": 8 },
        "end": { "line": 52, "column": 72 }
      },
      "7": {
        "start": { "line": 70, "column": 8 },
        "end": { "line": 70, "column": 70 }
      },
      "8": {
        "start": { "line": 71, "column": 8 },
        "end": { "line": 71, "column": 2827 }
      },
      "9": {
        "start": { "line": 75, "column": 8 },
        "end": { "line": 75, "column": 2947 }
      },
      "10": {
        "start": { "line": 79, "column": 8 },
        "end": { "line": 79, "column": 3093 }
      },
      "11": {
        "start": { "line": 83, "column": 8 },
        "end": { "line": 83, "column": 3303 }
      },
      "12": {
        "start": { "line": 87, "column": 8 },
        "end": { "line": 87, "column": 49 }
      },
      "13": {
        "start": { "line": 102, "column": 8 },
        "end": { "line": 102, "column": 70 }
      },
      "14": {
        "start": { "line": 103, "column": 8 },
        "end": { "line": 103, "column": 3994 }
      },
      "15": {
        "start": { "line": 107, "column": 8 },
        "end": { "line": 107, "column": 4139 }
      },
      "16": {
        "start": { "line": 114, "column": 8 },
        "end": { "line": 114, "column": 52 }
      },
      "17": {
        "start": { "line": 153, "column": 8 },
        "end": { "line": 153, "column": 5922 }
      }
    },
    "branchMap": {
      "1": {
        "line": 70,
        "type": "if",
        "locations": [
          {
            "start": { "line": 70, "column": 8 },
            "end": { "line": 70, "column": 8 }
          },
          {
            "start": { "line": 70, "column": 8 },
            "end": { "line": 70, "column": 8 }
          }
        ]
      },
      "2": {
        "line": 71,
        "type": "if",
        "locations": [
          {
            "start": { "line": 71, "column": 8 },
            "end": { "line": 71, "column": 8 }
          },
          {
            "start": { "line": 71, "column": 8 },
            "end": { "line": 71, "column": 8 }
          }
        ]
      },
      "3": {
        "line": 75,
        "type": "if",
        "locations": [
          {
            "start": { "line": 75, "column": 8 },
            "end": { "line": 75, "column": 8 }
          },
          {
            "start": { "line": 75, "column": 8 },
            "end": { "line": 75, "column": 8 }
          }
        ]
      },
      "4": {
        "line": 79,
        "type": "if",
        "locations": [
          {
            "start": { "line": 79, "column": 8 },
            "end": { "line": 79, "column": 8 }
          },
          {
            "start": { "line": 79, "column": 8 },
            "end": { "line": 79, "column": 8 }
          }
        ]
      },
      "5": {
        "line": 102,
        "type": "if",
        "locations": [
          {
            "start": { "line": 102, "column": 8 },
            "end": { "line": 102, "column": 8 }
          },
          {
            "start": { "line": 102, "column": 8 },
            "end": { "line": 102, "column": 8 }
          }
        ]
      },
      "6": {
        "line": 103,
        "type": "if",
        "locations": [
          {
            "start": { "line": 103, "column": 8 },
            "end": { "line": 103, "column": 8 }
          },
          {
            "start": { "line": 103, "column": 8 },
            "end": { "line": 103, "column": 8 }
          }
        ]
      },
      "7": {
        "line": 107,
        "type": "if",
        "locations": [
          {
            "start": { "line": 107, "column": 8 },
            "end": { "line": 107, "column": 8 }
          },
          {
            "start": { "line": 107, "column": 8 },
            "end": { "line": 107, "column": 8 }
          }
        ]
      }
    }
  },
  "contracts/bond/DaoBondConfiguration.sol": {
    "l": {
      "17": 9,
      "21": 4,
      "30": 9,
      "37": 5,
      "42": 5,
      "44": 5,
      "45": 5,
      "47": 5,
      "53": 5,
      "54": 4,
      "58": 3,
      "62": 2,
      "71": 40,
      "75": 1,
      "84": 21
    },
    "path": "/Users/aodhgan/windranger/aodhgan/windranger-treasury/contracts/bond/DaoBondConfiguration.sol",
    "s": {
      "1": 9,
      "2": 4,
      "3": 9,
      "4": 5,
      "5": 5,
      "6": 5,
      "7": 5,
      "8": 5,
      "9": 4,
      "10": 3,
      "11": 2,
      "12": 40,
      "13": 1,
      "14": 21
    },
    "b": { "1": [5, 0], "2": [4, 1], "3": [3, 1], "4": [2, 1] },
    "f": { "1": 9, "2": 4, "3": 9, "4": 5, "5": 5, "6": 40, "7": 1, "8": 21 },
    "fnMap": {
      "1": {
        "name": "daoTreasury",
        "line": 16,
        "loc": {
          "start": { "line": 16, "column": 4 },
          "end": { "line": 18, "column": 4 }
        }
      },
      "2": {
        "name": "highestDaoId",
        "line": 20,
        "loc": {
          "start": { "line": 20, "column": 4 },
          "end": { "line": 22, "column": 4 }
        }
      },
      "3": {
        "name": "__DaoBondConfiguration_init",
        "line": 29,
        "loc": {
          "start": { "line": 29, "column": 4 },
          "end": { "line": 31, "column": 4 }
        }
      },
      "4": {
        "name": "_daoBondConfiguration",
        "line": 33,
        "loc": {
          "start": { "line": 33, "column": 4 },
          "end": { "line": 48, "column": 4 }
        }
      },
      "5": {
        "name": "_setDaoTreasury",
        "line": 50,
        "loc": {
          "start": { "line": 50, "column": 4 },
          "end": { "line": 63, "column": 4 }
        }
      },
      "6": {
        "name": "_daoCollateralWhitelist",
        "line": 65,
        "loc": {
          "start": { "line": 65, "column": 4 },
          "end": { "line": 72, "column": 4 }
        }
      },
      "7": {
        "name": "_daoTreasury",
        "line": 74,
        "loc": {
          "start": { "line": 74, "column": 4 },
          "end": { "line": 76, "column": 4 }
        }
      },
      "8": {
        "name": "_isValidDaoId",
        "line": 78,
        "loc": {
          "start": { "line": 78, "column": 4 },
          "end": { "line": 85, "column": 4 }
        }
      }
    },
    "statementMap": {
      "1": {
        "start": { "line": 17, "column": 8 },
        "end": { "line": 17, "column": 41 }
      },
      "2": {
        "start": { "line": 21, "column": 8 },
        "end": { "line": 21, "column": 31 }
      },
      "3": {
        "start": { "line": 30, "column": 8 },
        "end": { "line": 30, "column": 42 }
      },
      "4": {
        "start": { "line": 37, "column": 8 },
        "end": { "line": 37, "column": 1153 }
      },
      "5": {
        "start": { "line": 44, "column": 8 },
        "end": { "line": 44, "column": 67 }
      },
      "6": {
        "start": { "line": 45, "column": 8 },
        "end": { "line": 45, "column": 45 }
      },
      "7": {
        "start": { "line": 47, "column": 8 },
        "end": { "line": 47, "column": 31 }
      },
      "8": {
        "start": { "line": 53, "column": 8 },
        "end": { "line": 53, "column": 68 }
      },
      "9": {
        "start": { "line": 54, "column": 8 },
        "end": { "line": 54, "column": 1628 }
      },
      "10": {
        "start": { "line": 58, "column": 8 },
        "end": { "line": 58, "column": 1747 }
      },
      "11": {
        "start": { "line": 62, "column": 8 },
        "end": { "line": 62, "column": 55 }
      },
      "12": {
        "start": { "line": 71, "column": 8 },
        "end": { "line": 71, "column": 42 }
      },
      "13": {
        "start": { "line": 75, "column": 8 },
        "end": { "line": 75, "column": 41 }
      },
      "14": {
        "start": { "line": 84, "column": 8 },
        "end": { "line": 84, "column": 55 }
      }
    },
    "branchMap": {
      "1": {
        "line": 37,
        "type": "if",
        "locations": [
          {
            "start": { "line": 37, "column": 8 },
            "end": { "line": 37, "column": 8 }
          },
          {
            "start": { "line": 37, "column": 8 },
            "end": { "line": 37, "column": 8 }
          }
        ]
      },
      "2": {
        "line": 53,
        "type": "if",
        "locations": [
          {
            "start": { "line": 53, "column": 8 },
            "end": { "line": 53, "column": 8 }
          },
          {
            "start": { "line": 53, "column": 8 },
            "end": { "line": 53, "column": 8 }
          }
        ]
      },
      "3": {
        "line": 54,
        "type": "if",
        "locations": [
          {
            "start": { "line": 54, "column": 8 },
            "end": { "line": 54, "column": 8 }
          },
          {
            "start": { "line": 54, "column": 8 },
            "end": { "line": 54, "column": 8 }
          }
        ]
      },
      "4": {
        "line": 58,
        "type": "if",
        "locations": [
          {
            "start": { "line": 58, "column": 8 },
            "end": { "line": 58, "column": 8 }
          },
          {
            "start": { "line": 58, "column": 8 },
            "end": { "line": 58, "column": 8 }
          }
        ]
      }
    }
  },
  "contracts/bond/ERC20SingleCollateralBond.sol": {
    "l": {
      "131": 5,
      "133": 5,
      "135": 4,
      "142": 4,
      "146": 4,
      "148": 4,
      "152": 11,
      "161": 19,
      "162": 17,
      "164": 17,
      "165": 17,
      "166": 17,
      "167": 17,
      "169": 17,
      "177": 17,
      "180": 17,
      "181": 16,
      "185": 16,
      "190": 2,
      "200": 13,
      "201": 12,
      "203": 10,
      "204": 10,
      "206": 10,
      "208": 10,
      "210": 10,
      "214": 10,
      "223": 2,
      "232": 2,
      "233": 2,
      "243": 2,
      "245": 2,
      "247": 1,
      "253": 1,
      "257": 1,
      "268": 7,
      "275": 1,
      "284": 5,
      "295": 7,
      "305": 6,
      "317": 0,
      "326": 2,
      "336": 1,
      "340": 4,
      "344": 1,
      "352": 2,
      "353": 1,
      "357": 47,
      "366": 104,
      "367": 104,
      "368": 104,
      "369": 104,
      "370": 104,
      "371": 104,
      "373": 104,
      "377": 103,
      "382": 102,
      "383": 102,
      "384": 102,
      "385": 102,
      "387": 102,
      "396": 24,
      "397": 24,
      "399": 24,
      "400": 17,
      "402": 17,
      "410": 24,
      "411": 4,
      "416": 48,
      "417": 47,
      "418": 46,
      "423": 45,
      "424": 45,
      "426": 45,
      "428": 45,
      "433": 45,
      "435": 45,
      "437": 45,
      "439": 45,
      "440": 14,
      "451": 102,
      "452": 101,
      "459": 4,
      "460": 3,
      "472": 17,
      "473": 11,
      "475": 6,
      "484": 6,
      "492": 4,
      "501": 159,
      "508": 24,
      "515": 24
    },
    "path": "/Users/aodhgan/windranger/aodhgan/windranger-treasury/contracts/bond/ERC20SingleCollateralBond.sol",
    "s": {
      "1": 5,
      "2": 5,
      "3": 4,
      "4": 4,
      "5": 4,
      "6": 4,
      "7": 11,
      "8": 19,
      "9": 17,
      "10": 17,
      "11": 17,
      "12": 17,
      "13": 17,
      "14": 17,
      "15": 17,
      "16": 17,
      "17": 16,
      "18": 16,
      "19": 2,
      "20": 13,
      "21": 12,
      "22": 10,
      "23": 10,
      "24": 10,
      "25": 10,
      "26": 10,
      "27": 10,
      "28": 2,
      "29": 2,
      "30": 2,
      "31": 2,
      "32": 2,
      "33": 1,
      "34": 1,
      "35": 1,
      "36": 7,
      "37": 1,
      "38": 5,
      "39": 7,
      "40": 6,
      "41": 0,
      "42": 2,
      "43": 1,
      "44": 4,
      "45": 1,
      "46": 2,
      "47": 1,
      "48": 47,
      "49": 104,
      "50": 104,
      "51": 104,
      "52": 104,
      "53": 104,
      "54": 104,
      "55": 104,
      "56": 103,
      "57": 102,
      "58": 102,
      "59": 102,
      "60": 102,
      "61": 102,
      "62": 24,
      "63": 24,
      "64": 24,
      "65": 17,
      "66": 17,
      "67": 24,
      "68": 4,
      "69": 48,
      "70": 47,
      "71": 46,
      "72": 45,
      "73": 45,
      "74": 45,
      "75": 45,
      "76": 45,
      "77": 45,
      "78": 45,
      "79": 45,
      "80": 14,
      "81": 102,
      "82": 101,
      "83": 4,
      "84": 3,
      "85": 17,
      "86": 11,
      "87": 6,
      "88": 6,
      "89": 4,
      "90": 159,
      "91": 24,
      "92": 24
    },
    "b": {
      "1": [4, 1],
      "2": [4, 0],
      "3": [17, 2],
      "4": [17, 0],
      "5": [16, 1],
      "6": [16, 0],
      "7": [12, 1],
      "8": [10, 2],
      "9": [10, 0],
      "10": [2, 0],
      "11": [1, 1],
      "12": [1, 0],
      "13": [1, 1],
      "14": [103, 1],
      "15": [102, 1],
      "16": [17, 7],
      "17": [4, 20],
      "18": [47, 1],
      "19": [46, 1],
      "20": [45, 1],
      "21": [45, 0],
      "22": [14, 31],
      "23": [101, 1],
      "24": [3, 1],
      "25": [11, 6]
    },
    "f": {
      "1": 5,
      "2": 11,
      "3": 19,
      "4": 2,
      "5": 13,
      "6": 2,
      "7": 2,
      "8": 2,
      "9": 7,
      "10": 1,
      "11": 5,
      "12": 7,
      "13": 6,
      "14": 0,
      "15": 2,
      "16": 1,
      "17": 4,
      "18": 1,
      "19": 2,
      "20": 47,
      "21": 104,
      "22": 24,
      "23": 48,
      "24": 102,
      "25": 4,
      "26": 17,
      "27": 6,
      "28": 4,
      "29": 159,
      "30": 24,
      "31": 24
    },
    "fnMap": {
      "1": {
        "name": "expire",
        "line": 130,
        "loc": {
          "start": { "line": 130, "column": 4 },
          "end": { "line": 149, "column": 4 }
        }
      },
      "2": {
        "name": "pause",
        "line": 151,
        "loc": {
          "start": { "line": 151, "column": 4 },
          "end": { "line": 153, "column": 4 }
        }
      },
      "3": {
        "name": "redeem",
        "line": 159,
        "loc": {
          "start": { "line": 155, "column": 4 },
          "end": { "line": 187, "column": 4 }
        }
      },
      "4": {
        "name": "unpause",
        "line": 189,
        "loc": {
          "start": { "line": 189, "column": 4 },
          "end": { "line": 191, "column": 4 }
        }
      },
      "5": {
        "name": "slash",
        "line": 198,
        "loc": {
          "start": { "line": 193, "column": 4 },
          "end": { "line": 215, "column": 4 }
        }
      },
      "6": {
        "name": "setMetaData",
        "line": 221,
        "loc": {
          "start": { "line": 217, "column": 4 },
          "end": { "line": 224, "column": 4 }
        }
      },
      "7": {
        "name": "setTreasury",
        "line": 230,
        "loc": {
          "start": { "line": 226, "column": 4 },
          "end": { "line": 234, "column": 4 }
        }
      },
      "8": {
        "name": "withdrawCollateral",
        "line": 241,
        "loc": {
          "start": { "line": 236, "column": 4 },
          "end": { "line": 258, "column": 4 }
        }
      },
      "9": {
        "name": "collateral",
        "line": 267,
        "loc": {
          "start": { "line": 267, "column": 4 },
          "end": { "line": 269, "column": 4 }
        }
      },
      "10": {
        "name": "collateralTokens",
        "line": 274,
        "loc": {
          "start": { "line": 274, "column": 4 },
          "end": { "line": 276, "column": 4 }
        }
      },
      "11": {
        "name": "collateralSlashed",
        "line": 283,
        "loc": {
          "start": { "line": 283, "column": 4 },
          "end": { "line": 285, "column": 4 }
        }
      },
      "12": {
        "name": "debtTokens",
        "line": 294,
        "loc": {
          "start": { "line": 294, "column": 4 },
          "end": { "line": 296, "column": 4 }
        }
      },
      "13": {
        "name": "debtTokensOutstanding",
        "line": 304,
        "loc": {
          "start": { "line": 304, "column": 4 },
          "end": { "line": 306, "column": 4 }
        }
      },
      "14": {
        "name": "excessDebtTokens",
        "line": 316,
        "loc": {
          "start": { "line": 316, "column": 4 },
          "end": { "line": 318, "column": 4 }
        }
      },
      "15": {
        "name": "initialDebtTokens",
        "line": 325,
        "loc": {
          "start": { "line": 325, "column": 4 },
          "end": { "line": 327, "column": 4 }
        }
      },
      "16": {
        "name": "minimumDeposit",
        "line": 335,
        "loc": {
          "start": { "line": 335, "column": 4 },
          "end": { "line": 337, "column": 4 }
        }
      },
      "17": {
        "name": "treasury",
        "line": 339,
        "loc": {
          "start": { "line": 339, "column": 4 },
          "end": { "line": 341, "column": 4 }
        }
      },
      "18": {
        "name": "getSlashes",
        "line": 343,
        "loc": {
          "start": { "line": 343, "column": 4 },
          "end": { "line": 345, "column": 4 }
        }
      },
      "19": {
        "name": "getSlashByIndex",
        "line": 347,
        "loc": {
          "start": { "line": 347, "column": 4 },
          "end": { "line": 354, "column": 4 }
        }
      },
      "20": {
        "name": "hasFullCollateral",
        "line": 356,
        "loc": {
          "start": { "line": 356, "column": 4 },
          "end": { "line": 358, "column": 4 }
        }
      },
      "21": {
        "name": "__ERC20SingleCollateralBond_init",
        "line": 365,
        "loc": {
          "start": { "line": 361, "column": 4 },
          "end": { "line": 388, "column": 4 }
        }
      },
      "22": {
        "name": "_allowRedemption",
        "line": 394,
        "loc": {
          "start": { "line": 390, "column": 4 },
          "end": { "line": 413, "column": 4 }
        }
      },
      "23": {
        "name": "_deposit",
        "line": 415,
        "loc": {
          "start": { "line": 415, "column": 4 },
          "end": { "line": 445, "column": 4 }
        }
      },
      "24": {
        "name": "_mint",
        "line": 450,
        "loc": {
          "start": { "line": 450, "column": 4 },
          "end": { "line": 453, "column": 4 }
        }
      },
      "25": {
        "name": "_pauseSafely",
        "line": 458,
        "loc": {
          "start": { "line": 458, "column": 4 },
          "end": { "line": 462, "column": 4 }
        }
      },
      "26": {
        "name": "_redemptionAmount",
        "line": 467,
        "loc": {
          "start": { "line": 467, "column": 4 },
          "end": { "line": 477, "column": 4 }
        }
      },
      "27": {
        "name": "_applyRedemptionRation",
        "line": 479,
        "loc": {
          "start": { "line": 479, "column": 4 },
          "end": { "line": 485, "column": 4 }
        }
      },
      "28": {
        "name": "_calculateRedemptionRatio",
        "line": 491,
        "loc": {
          "start": { "line": 491, "column": 4 },
          "end": { "line": 495, "column": 4 }
        }
      },
      "29": {
        "name": "_debtTokensRemaining",
        "line": 500,
        "loc": {
          "start": { "line": 500, "column": 4 },
          "end": { "line": 502, "column": 4 }
        }
      },
      "30": {
        "name": "_hasBeenSlashed",
        "line": 507,
        "loc": {
          "start": { "line": 507, "column": 4 },
          "end": { "line": 509, "column": 4 }
        }
      },
      "31": {
        "name": "_hasDebtTokensRemaining",
        "line": 514,
        "loc": {
          "start": { "line": 514, "column": 4 },
          "end": { "line": 516, "column": 4 }
        }
      }
    },
    "statementMap": {
      "1": {
        "start": { "line": 131, "column": 8 },
        "end": { "line": 131, "column": 4466 }
      },
      "2": {
        "start": { "line": 133, "column": 8 },
        "end": { "line": 133, "column": 68 }
      },
      "3": {
        "start": { "line": 135, "column": 8 },
        "end": { "line": 135, "column": 4622 }
      },
      "4": {
        "start": { "line": 142, "column": 8 },
        "end": { "line": 142, "column": 4765 }
      },
      "5": {
        "start": { "line": 146, "column": 8 },
        "end": { "line": 146, "column": 63 }
      },
      "6": {
        "start": { "line": 148, "column": 8 },
        "end": { "line": 148, "column": 21 }
      },
      "7": {
        "start": { "line": 152, "column": 8 },
        "end": { "line": 152, "column": 15 }
      },
      "8": {
        "start": { "line": 161, "column": 8 },
        "end": { "line": 161, "column": 45 }
      },
      "9": {
        "start": { "line": 162, "column": 8 },
        "end": { "line": 162, "column": 78 }
      },
      "10": {
        "start": { "line": 164, "column": 8 },
        "end": { "line": 164, "column": 73 }
      },
      "11": {
        "start": { "line": 165, "column": 8 },
        "end": { "line": 165, "column": 73 }
      },
      "12": {
        "start": { "line": 166, "column": 8 },
        "end": { "line": 166, "column": 38 }
      },
      "13": {
        "start": { "line": 167, "column": 8 },
        "end": { "line": 167, "column": 49 }
      },
      "14": {
        "start": { "line": 169, "column": 8 },
        "end": { "line": 169, "column": 5586 }
      },
      "15": {
        "start": { "line": 177, "column": 8 },
        "end": { "line": 177, "column": 34 }
      },
      "16": {
        "start": { "line": 180, "column": 8 },
        "end": { "line": 180, "column": 5850 }
      },
      "17": {
        "start": { "line": 181, "column": 12 },
        "end": { "line": 181, "column": 5895 }
      },
      "18": {
        "start": { "line": 185, "column": 12 },
        "end": { "line": 185, "column": 67 }
      },
      "19": {
        "start": { "line": 190, "column": 8 },
        "end": { "line": 190, "column": 17 }
      },
      "20": {
        "start": { "line": 200, "column": 8 },
        "end": { "line": 200, "column": 45 }
      },
      "21": {
        "start": { "line": 201, "column": 8 },
        "end": { "line": 201, "column": 56 }
      },
      "22": {
        "start": { "line": 203, "column": 8 },
        "end": { "line": 203, "column": 28 }
      },
      "23": {
        "start": { "line": 204, "column": 8 },
        "end": { "line": 204, "column": 35 }
      },
      "24": {
        "start": { "line": 206, "column": 8 },
        "end": { "line": 206, "column": 61 }
      },
      "25": {
        "start": { "line": 208, "column": 8 },
        "end": { "line": 208, "column": 43 }
      },
      "26": {
        "start": { "line": 210, "column": 8 },
        "end": { "line": 210, "column": 6675 }
      },
      "27": {
        "start": { "line": 214, "column": 8 },
        "end": { "line": 214, "column": 63 }
      },
      "28": {
        "start": { "line": 223, "column": 8 },
        "end": { "line": 223, "column": 33 }
      },
      "29": {
        "start": { "line": 232, "column": 8 },
        "end": { "line": 232, "column": 75 }
      },
      "30": {
        "start": { "line": 233, "column": 8 },
        "end": { "line": 233, "column": 30 }
      },
      "31": {
        "start": { "line": 243, "column": 8 },
        "end": { "line": 243, "column": 7453 }
      },
      "32": {
        "start": { "line": 245, "column": 8 },
        "end": { "line": 245, "column": 68 }
      },
      "33": {
        "start": { "line": 247, "column": 8 },
        "end": { "line": 247, "column": 7609 }
      },
      "34": {
        "start": { "line": 253, "column": 8 },
        "end": { "line": 253, "column": 7738 }
      },
      "35": {
        "start": { "line": 257, "column": 8 },
        "end": { "line": 257, "column": 63 }
      },
      "36": {
        "start": { "line": 268, "column": 8 },
        "end": { "line": 268, "column": 26 }
      },
      "37": {
        "start": { "line": 275, "column": 8 },
        "end": { "line": 275, "column": 41 }
      },
      "38": {
        "start": { "line": 284, "column": 8 },
        "end": { "line": 284, "column": 33 }
      },
      "39": {
        "start": { "line": 295, "column": 8 },
        "end": { "line": 295, "column": 37 }
      },
      "40": {
        "start": { "line": 305, "column": 8 },
        "end": { "line": 305, "column": 37 }
      },
      "41": {
        "start": { "line": 317, "column": 8 },
        "end": { "line": 317, "column": 42 }
      },
      "42": {
        "start": { "line": 326, "column": 8 },
        "end": { "line": 326, "column": 39 }
      },
      "43": {
        "start": { "line": 336, "column": 8 },
        "end": { "line": 336, "column": 30 }
      },
      "44": {
        "start": { "line": 340, "column": 8 },
        "end": { "line": 340, "column": 24 }
      },
      "45": {
        "start": { "line": 344, "column": 8 },
        "end": { "line": 344, "column": 23 }
      },
      "46": {
        "start": { "line": 352, "column": 8 },
        "end": { "line": 352, "column": 69 }
      },
      "47": {
        "start": { "line": 353, "column": 8 },
        "end": { "line": 353, "column": 30 }
      },
      "48": {
        "start": { "line": 357, "column": 8 },
        "end": { "line": 357, "column": 42 }
      },
      "49": {
        "start": { "line": 366, "column": 8 },
        "end": { "line": 366, "column": 51 }
      },
      "50": {
        "start": { "line": 367, "column": 8 },
        "end": { "line": 367, "column": 23 }
      },
      "51": {
        "start": { "line": 368, "column": 8 },
        "end": { "line": 368, "column": 24 }
      },
      "52": {
        "start": { "line": 369, "column": 8 },
        "end": { "line": 369, "column": 60 }
      },
      "53": {
        "start": { "line": 370, "column": 8 },
        "end": { "line": 370, "column": 42 }
      },
      "54": {
        "start": { "line": 371, "column": 8 },
        "end": { "line": 371, "column": 26 }
      },
      "55": {
        "start": { "line": 373, "column": 8 },
        "end": { "line": 373, "column": 12015 }
      },
      "56": {
        "start": { "line": 377, "column": 8 },
        "end": { "line": 377, "column": 12136 }
      },
      "57": {
        "start": { "line": 382, "column": 8 },
        "end": { "line": 382, "column": 57 }
      },
      "58": {
        "start": { "line": 383, "column": 8 },
        "end": { "line": 383, "column": 63 }
      },
      "59": {
        "start": { "line": 384, "column": 8 },
        "end": { "line": 384, "column": 53 }
      },
      "60": {
        "start": { "line": 385, "column": 8 },
        "end": { "line": 385, "column": 39 }
      },
      "61": {
        "start": { "line": 387, "column": 8 },
        "end": { "line": 387, "column": 43 }
      },
      "62": {
        "start": { "line": 396, "column": 8 },
        "end": { "line": 396, "column": 31 }
      },
      "63": {
        "start": { "line": 397, "column": 8 },
        "end": { "line": 397, "column": 50 }
      },
      "64": {
        "start": { "line": 399, "column": 8 },
        "end": { "line": 399, "column": 12778 }
      },
      "65": {
        "start": { "line": 400, "column": 12 },
        "end": { "line": 400, "column": 63 }
      },
      "66": {
        "start": { "line": 402, "column": 12 },
        "end": { "line": 402, "column": 12895 }
      },
      "67": {
        "start": { "line": 410, "column": 8 },
        "end": { "line": 410, "column": 13132 }
      },
      "68": {
        "start": { "line": 411, "column": 12 },
        "end": { "line": 411, "column": 57 }
      },
      "69": {
        "start": { "line": 416, "column": 8 },
        "end": { "line": 416, "column": 45 }
      },
      "70": {
        "start": { "line": 417, "column": 8 },
        "end": { "line": 417, "column": 67 }
      },
      "71": {
        "start": { "line": 418, "column": 8 },
        "end": { "line": 418, "column": 13441 }
      },
      "72": {
        "start": { "line": 423, "column": 8 },
        "end": { "line": 423, "column": 28 }
      },
      "73": {
        "start": { "line": 424, "column": 8 },
        "end": { "line": 424, "column": 39 }
      },
      "74": {
        "start": { "line": 426, "column": 8 },
        "end": { "line": 426, "column": 61 }
      },
      "75": {
        "start": { "line": 428, "column": 8 },
        "end": { "line": 428, "column": 13708 }
      },
      "76": {
        "start": { "line": 433, "column": 8 },
        "end": { "line": 433, "column": 63 }
      },
      "77": {
        "start": { "line": 435, "column": 8 },
        "end": { "line": 435, "column": 59 }
      },
      "78": {
        "start": { "line": 437, "column": 8 },
        "end": { "line": 437, "column": 53 }
      },
      "79": {
        "start": { "line": 439, "column": 8 },
        "end": { "line": 439, "column": 14054 }
      },
      "80": {
        "start": { "line": 440, "column": 12 },
        "end": { "line": 440, "column": 14098 }
      },
      "81": {
        "start": { "line": 451, "column": 8 },
        "end": { "line": 451, "column": 51 }
      },
      "82": {
        "start": { "line": 452, "column": 8 },
        "end": { "line": 452, "column": 35 }
      },
      "83": {
        "start": { "line": 459, "column": 8 },
        "end": { "line": 459, "column": 14736 }
      },
      "84": {
        "start": { "line": 460, "column": 12 },
        "end": { "line": 460, "column": 19 }
      },
      "85": {
        "start": { "line": 472, "column": 8 },
        "end": { "line": 472, "column": 15040 }
      },
      "86": {
        "start": { "line": 473, "column": 12 },
        "end": { "line": 473, "column": 25 }
      },
      "87": {
        "start": { "line": 475, "column": 12 },
        "end": { "line": 475, "column": 49 }
      },
      "88": {
        "start": { "line": 484, "column": 8 },
        "end": { "line": 484, "column": 71 }
      },
      "89": {
        "start": { "line": 492, "column": 8 },
        "end": { "line": 492, "column": 15705 }
      },
      "90": {
        "start": { "line": 501, "column": 8 },
        "end": { "line": 501, "column": 39 }
      },
      "91": {
        "start": { "line": 508, "column": 8 },
        "end": { "line": 508, "column": 75 }
      },
      "92": {
        "start": { "line": 515, "column": 8 },
        "end": { "line": 515, "column": 41 }
      }
    },
    "branchMap": {
      "1": {
        "line": 133,
        "type": "if",
        "locations": [
          {
            "start": { "line": 133, "column": 8 },
            "end": { "line": 133, "column": 8 }
          },
          {
            "start": { "line": 133, "column": 8 },
            "end": { "line": 133, "column": 8 }
          }
        ]
      },
      "2": {
        "line": 146,
        "type": "if",
        "locations": [
          {
            "start": { "line": 146, "column": 8 },
            "end": { "line": 146, "column": 8 }
          },
          {
            "start": { "line": 146, "column": 8 },
            "end": { "line": 146, "column": 8 }
          }
        ]
      },
      "3": {
        "line": 161,
        "type": "if",
        "locations": [
          {
            "start": { "line": 161, "column": 8 },
            "end": { "line": 161, "column": 8 }
          },
          {
            "start": { "line": 161, "column": 8 },
            "end": { "line": 161, "column": 8 }
          }
        ]
      },
      "4": {
        "line": 162,
        "type": "if",
        "locations": [
          {
            "start": { "line": 162, "column": 8 },
            "end": { "line": 162, "column": 8 }
          },
          {
            "start": { "line": 162, "column": 8 },
            "end": { "line": 162, "column": 8 }
          }
        ]
      },
      "5": {
        "line": 180,
        "type": "if",
        "locations": [
          {
            "start": { "line": 180, "column": 8 },
            "end": { "line": 180, "column": 8 }
          },
          {
            "start": { "line": 180, "column": 8 },
            "end": { "line": 180, "column": 8 }
          }
        ]
      },
      "6": {
        "line": 185,
        "type": "if",
        "locations": [
          {
            "start": { "line": 185, "column": 12 },
            "end": { "line": 185, "column": 12 }
          },
          {
            "start": { "line": 185, "column": 12 },
            "end": { "line": 185, "column": 12 }
          }
        ]
      },
      "7": {
        "line": 200,
        "type": "if",
        "locations": [
          {
            "start": { "line": 200, "column": 8 },
            "end": { "line": 200, "column": 8 }
          },
          {
            "start": { "line": 200, "column": 8 },
            "end": { "line": 200, "column": 8 }
          }
        ]
      },
      "8": {
        "line": 201,
        "type": "if",
        "locations": [
          {
            "start": { "line": 201, "column": 8 },
            "end": { "line": 201, "column": 8 }
          },
          {
            "start": { "line": 201, "column": 8 },
            "end": { "line": 201, "column": 8 }
          }
        ]
      },
      "9": {
        "line": 214,
        "type": "if",
        "locations": [
          {
            "start": { "line": 214, "column": 8 },
            "end": { "line": 214, "column": 8 }
          },
          {
            "start": { "line": 214, "column": 8 },
            "end": { "line": 214, "column": 8 }
          }
        ]
      },
      "10": {
        "line": 232,
        "type": "if",
        "locations": [
          {
            "start": { "line": 232, "column": 8 },
            "end": { "line": 232, "column": 8 }
          },
          {
            "start": { "line": 232, "column": 8 },
            "end": { "line": 232, "column": 8 }
          }
        ]
      },
      "11": {
        "line": 245,
        "type": "if",
        "locations": [
          {
            "start": { "line": 245, "column": 8 },
            "end": { "line": 245, "column": 8 }
          },
          {
            "start": { "line": 245, "column": 8 },
            "end": { "line": 245, "column": 8 }
          }
        ]
      },
      "12": {
        "line": 257,
        "type": "if",
        "locations": [
          {
            "start": { "line": 257, "column": 8 },
            "end": { "line": 257, "column": 8 }
          },
          {
            "start": { "line": 257, "column": 8 },
            "end": { "line": 257, "column": 8 }
          }
        ]
      },
      "13": {
        "line": 352,
        "type": "if",
        "locations": [
          {
            "start": { "line": 352, "column": 8 },
            "end": { "line": 352, "column": 8 }
          },
          {
            "start": { "line": 352, "column": 8 },
            "end": { "line": 352, "column": 8 }
          }
        ]
      },
      "14": {
        "line": 373,
        "type": "if",
        "locations": [
          {
            "start": { "line": 373, "column": 8 },
            "end": { "line": 373, "column": 8 }
          },
          {
            "start": { "line": 373, "column": 8 },
            "end": { "line": 373, "column": 8 }
          }
        ]
      },
      "15": {
        "line": 377,
        "type": "if",
        "locations": [
          {
            "start": { "line": 377, "column": 8 },
            "end": { "line": 377, "column": 8 }
          },
          {
            "start": { "line": 377, "column": 8 },
            "end": { "line": 377, "column": 8 }
          }
        ]
      },
      "16": {
        "line": 399,
        "type": "if",
        "locations": [
          {
            "start": { "line": 399, "column": 8 },
            "end": { "line": 399, "column": 8 }
          },
          {
            "start": { "line": 399, "column": 8 },
            "end": { "line": 399, "column": 8 }
          }
        ]
      },
      "17": {
        "line": 410,
        "type": "if",
        "locations": [
          {
            "start": { "line": 410, "column": 8 },
            "end": { "line": 410, "column": 8 }
          },
          {
            "start": { "line": 410, "column": 8 },
            "end": { "line": 410, "column": 8 }
          }
        ]
      },
      "18": {
        "line": 416,
        "type": "if",
        "locations": [
          {
            "start": { "line": 416, "column": 8 },
            "end": { "line": 416, "column": 8 }
          },
          {
            "start": { "line": 416, "column": 8 },
            "end": { "line": 416, "column": 8 }
          }
        ]
      },
      "19": {
        "line": 417,
        "type": "if",
        "locations": [
          {
            "start": { "line": 417, "column": 8 },
            "end": { "line": 417, "column": 8 }
          },
          {
            "start": { "line": 417, "column": 8 },
            "end": { "line": 417, "column": 8 }
          }
        ]
      },
      "20": {
        "line": 418,
        "type": "if",
        "locations": [
          {
            "start": { "line": 418, "column": 8 },
            "end": { "line": 418, "column": 8 }
          },
          {
            "start": { "line": 418, "column": 8 },
            "end": { "line": 418, "column": 8 }
          }
        ]
      },
      "21": {
        "line": 433,
        "type": "if",
        "locations": [
          {
            "start": { "line": 433, "column": 8 },
            "end": { "line": 433, "column": 8 }
          },
          {
            "start": { "line": 433, "column": 8 },
            "end": { "line": 433, "column": 8 }
          }
        ]
      },
      "22": {
        "line": 439,
        "type": "if",
        "locations": [
          {
            "start": { "line": 439, "column": 8 },
            "end": { "line": 439, "column": 8 }
          },
          {
            "start": { "line": 439, "column": 8 },
            "end": { "line": 439, "column": 8 }
          }
        ]
      },
      "23": {
        "line": 451,
        "type": "if",
        "locations": [
          {
            "start": { "line": 451, "column": 8 },
            "end": { "line": 451, "column": 8 }
          },
          {
            "start": { "line": 451, "column": 8 },
            "end": { "line": 451, "column": 8 }
          }
        ]
      },
      "24": {
        "line": 459,
        "type": "if",
        "locations": [
          {
            "start": { "line": 459, "column": 8 },
            "end": { "line": 459, "column": 8 }
          },
          {
            "start": { "line": 459, "column": 8 },
            "end": { "line": 459, "column": 8 }
          }
        ]
      },
      "25": {
        "line": 472,
        "type": "if",
        "locations": [
          {
            "start": { "line": 472, "column": 8 },
            "end": { "line": 472, "column": 8 }
          },
          {
            "start": { "line": 472, "column": 8 },
            "end": { "line": 472, "column": 8 }
          }
        ]
      }
    }
  },
  "contracts/bond/ExpiryTimestamp.sol": {
    "l": { "20": 6, "21": 5, "30": 1, "43": 104 },
    "path": "/Users/aodhgan/windranger/aodhgan/windranger-treasury/contracts/bond/ExpiryTimestamp.sol",
    "s": { "1": 6, "2": 1, "3": 104 },
    "b": { "1": [5, 1] },
    "f": { "1": 6, "2": 1, "3": 104 },
    "fnMap": {
      "1": {
        "name": "whenBeyondExpiry",
        "line": 19,
        "loc": {
          "start": { "line": 19, "column": 4 },
          "end": { "line": 22, "column": 4 }
        }
      },
      "2": {
        "name": "expiryTimestamp",
        "line": 29,
        "loc": {
          "start": { "line": 29, "column": 4 },
          "end": { "line": 31, "column": 4 }
        }
      },
      "3": {
        "name": "__ExpiryTimestamp_init",
        "line": 41,
        "loc": {
          "start": { "line": 39, "column": 4 },
          "end": { "line": 44, "column": 4 }
        }
      }
    },
    "statementMap": {
      "1": {
        "start": { "line": 20, "column": 8 },
        "end": { "line": 20, "column": 78 }
      },
      "2": {
        "start": { "line": 30, "column": 8 },
        "end": { "line": 30, "column": 22 }
      },
      "3": {
        "start": { "line": 43, "column": 8 },
        "end": { "line": 43, "column": 26 }
      }
    },
    "branchMap": {
      "1": {
        "line": 20,
        "type": "if",
        "locations": [
          {
            "start": { "line": 20, "column": 8 },
            "end": { "line": 20, "column": 8 }
          },
          {
            "start": { "line": 20, "column": 8 },
            "end": { "line": 20, "column": 8 }
          }
        ]
      }
    }
  },
  "contracts/bond/MetaDataStore.sol": {
    "l": { "23": 7, "31": 104, "40": 2 },
    "path": "/Users/aodhgan/windranger/aodhgan/windranger-treasury/contracts/bond/MetaDataStore.sol",
    "s": { "1": 7, "2": 104, "3": 2 },
    "b": {},
    "f": { "1": 7, "2": 104, "3": 2 },
    "fnMap": {
      "1": {
        "name": "metaData",
        "line": 22,
        "loc": {
          "start": { "line": 22, "column": 4 },
          "end": { "line": 24, "column": 4 }
        }
      },
      "2": {
        "name": "__MetaDataStore_init",
        "line": 29,
        "loc": {
          "start": { "line": 27, "column": 4 },
          "end": { "line": 32, "column": 4 }
        }
      },
      "3": {
        "name": "_setMetaData",
        "line": 39,
        "loc": {
          "start": { "line": 39, "column": 4 },
          "end": { "line": 41, "column": 4 }
        }
      }
    },
    "statementMap": {
      "1": {
        "start": { "line": 23, "column": 8 },
        "end": { "line": 23, "column": 24 }
      },
      "2": {
        "start": { "line": 31, "column": 8 },
        "end": { "line": 31, "column": 23 }
      },
      "3": {
        "start": { "line": 40, "column": 8 },
        "end": { "line": 40, "column": 23 }
      }
    },
    "branchMap": {}
  },
  "contracts/bond/Redeemable.sol": {
    "l": {
      "25": 192,
      "26": 189,
      "38": 25,
      "39": 22,
      "43": 1,
      "47": 66,
      "59": 24,
      "60": 24
    },
    "path": "/Users/aodhgan/windranger/aodhgan/windranger-treasury/contracts/bond/Redeemable.sol",
    "s": { "1": 192, "2": 25, "3": 1, "4": 66, "5": 24, "6": 24 },
    "b": { "1": [189, 3], "2": [22, 3] },
    "f": { "1": 192, "2": 25, "3": 1, "4": 66, "5": 104, "6": 24 },
    "fnMap": {
      "1": {
        "name": "whenNotRedeemable",
        "line": 24,
        "loc": {
          "start": { "line": 24, "column": 4 },
          "end": { "line": 27, "column": 4 }
        }
      },
      "2": {
        "name": "whenRedeemable",
        "line": 37,
        "loc": {
          "start": { "line": 37, "column": 4 },
          "end": { "line": 40, "column": 4 }
        }
      },
      "3": {
        "name": "redemptionReason",
        "line": 42,
        "loc": {
          "start": { "line": 42, "column": 4 },
          "end": { "line": 44, "column": 4 }
        }
      },
      "4": {
        "name": "redeemable",
        "line": 46,
        "loc": {
          "start": { "line": 46, "column": 4 },
          "end": { "line": 48, "column": 4 }
        }
      },
      "5": {
        "name": "__Redeemable_init",
        "line": 51,
        "loc": {
          "start": { "line": 51, "column": 4 },
          "end": { "line": 51, "column": 60 }
        }
      },
      "6": {
        "name": "_setAsRedeemable",
        "line": 58,
        "loc": {
          "start": { "line": 58, "column": 4 },
          "end": { "line": 61, "column": 4 }
        }
      }
    },
    "statementMap": {
      "1": {
        "start": { "line": 25, "column": 8 },
        "end": { "line": 25, "column": 61 }
      },
      "2": {
        "start": { "line": 38, "column": 8 },
        "end": { "line": 38, "column": 61 }
      },
      "3": {
        "start": { "line": 43, "column": 8 },
        "end": { "line": 43, "column": 22 }
      },
      "4": {
        "start": { "line": 47, "column": 8 },
        "end": { "line": 47, "column": 26 }
      },
      "5": {
        "start": { "line": 59, "column": 8 },
        "end": { "line": 59, "column": 25 }
      },
      "6": {
        "start": { "line": 60, "column": 8 },
        "end": { "line": 60, "column": 23 }
      }
    },
    "branchMap": {
      "1": {
        "line": 25,
        "type": "if",
        "locations": [
          {
            "start": { "line": 25, "column": 8 },
            "end": { "line": 25, "column": 8 }
          },
          {
            "start": { "line": 25, "column": 8 },
            "end": { "line": 25, "column": 8 }
          }
        ]
      },
      "2": {
        "line": 38,
        "type": "if",
        "locations": [
          {
            "start": { "line": 38, "column": 8 },
            "end": { "line": 38, "column": 8 }
          },
          {
            "start": { "line": 38, "column": 8 },
            "end": { "line": 38, "column": 8 }
          }
        ]
      }
    }
  },
  "contracts/bond/SingleCollateralBond.sol": {
    "l": {},
    "path": "/Users/aodhgan/windranger/aodhgan/windranger-treasury/contracts/bond/SingleCollateralBond.sol",
    "s": {},
    "b": {},
    "f": {},
    "fnMap": {},
    "statementMap": {},
    "branchMap": {}
  },
  "contracts/bond/SingleCollateralMultiRewardBond.sol": {
    "l": {
      "13": 6,
      "14": 6,
      "18": 8,
      "19": 8,
      "20": 8,
      "21": 8,
      "30": 47,
      "35": 47,
      "43": 1,
      "55": 60,
      "56": 56,
      "57": 56,
      "58": 56
    },
    "path": "/Users/aodhgan/windranger/aodhgan/windranger-treasury/contracts/bond/SingleCollateralMultiRewardBond.sol",
    "s": {
      "1": 6,
      "2": 6,
      "3": 8,
      "4": 8,
      "5": 8,
      "6": 8,
      "7": 47,
      "8": 47,
      "9": 1,
      "10": 60,
      "11": 56,
      "12": 56,
      "13": 56
    },
    "b": { "1": [56, 4] },
    "f": { "1": 6, "2": 8, "3": 47, "4": 1, "5": 60 },
    "fnMap": {
      "1": {
        "name": "allowRedemption",
        "line": 12,
        "loc": {
          "start": { "line": 12, "column": 4 },
          "end": { "line": 15, "column": 4 }
        }
      },
      "2": {
        "name": "deposit",
        "line": 17,
        "loc": {
          "start": { "line": 17, "column": 4 },
          "end": { "line": 22, "column": 4 }
        }
      },
      "3": {
        "name": "initialize",
        "line": 29,
        "loc": {
          "start": { "line": 24, "column": 4 },
          "end": { "line": 36, "column": 4 }
        }
      },
      "4": {
        "name": "updateRewardTimeLock",
        "line": 41,
        "loc": {
          "start": { "line": 38, "column": 4 },
          "end": { "line": 44, "column": 4 }
        }
      },
      "5": {
        "name": "_afterTokenTransfer",
        "line": 50,
        "loc": {
          "start": { "line": 50, "column": 4 },
          "end": { "line": 60, "column": 4 }
        }
      }
    },
    "statementMap": {
      "1": {
        "start": { "line": 13, "column": 8 },
        "end": { "line": 13, "column": 31 }
      },
      "2": {
        "start": { "line": 14, "column": 8 },
        "end": { "line": 14, "column": 56 }
      },
      "3": {
        "start": { "line": 18, "column": 8 },
        "end": { "line": 18, "column": 39 }
      },
      "4": {
        "start": { "line": 19, "column": 8 },
        "end": { "line": 19, "column": 59 }
      },
      "5": {
        "start": { "line": 20, "column": 8 },
        "end": { "line": 20, "column": 66 }
      },
      "6": {
        "start": { "line": 21, "column": 8 },
        "end": { "line": 21, "column": 23 }
      },
      "7": {
        "start": { "line": 30, "column": 8 },
        "end": { "line": 30, "column": 954 }
      },
      "8": {
        "start": { "line": 35, "column": 8 },
        "end": { "line": 35, "column": 46 }
      },
      "9": {
        "start": { "line": 43, "column": 8 },
        "end": { "line": 43, "column": 46 }
      },
      "10": {
        "start": { "line": 55, "column": 8 },
        "end": { "line": 55, "column": 1688 }
      },
      "11": {
        "start": { "line": 56, "column": 12 },
        "end": { "line": 56, "column": 42 }
      },
      "12": {
        "start": { "line": 57, "column": 12 },
        "end": { "line": 57, "column": 62 }
      },
      "13": {
        "start": { "line": 58, "column": 12 },
        "end": { "line": 58, "column": 58 }
      }
    },
    "branchMap": {
      "1": {
        "line": 55,
        "type": "if",
        "locations": [
          {
            "start": { "line": 55, "column": 8 },
            "end": { "line": 55, "column": 8 }
          },
          {
            "start": { "line": 55, "column": 8 },
            "end": { "line": 55, "column": 8 }
          }
        ]
      }
    }
  },
  "contracts/bond/TimeLockMultiRewardBond.sol": {
    "l": {
      "49": 2,
      "50": 1,
      "59": 132,
      "60": 132,
      "76": 1,
      "78": 1,
      "79": 3,
      "80": 3,
      "100": 4,
      "103": 4,
      "104": 12,
      "106": 4,
      "124": 2,
      "127": 2,
      "129": 2,
      "130": 6,
      "131": 6,
      "133": 6,
      "137": 2,
      "141": 2,
      "145": 2,
      "158": 48,
      "172": 123,
      "174": 123,
      "175": 87,
      "177": 87,
      "180": 87,
      "181": 87,
      "190": 1,
      "192": 1,
      "194": 1,
      "207": 8,
      "212": 8,
      "214": 8,
      "224": 53,
      "226": 53,
      "227": 53,
      "238": 3,
      "239": 2,
      "240": 2,
      "241": 2,
      "243": 2,
      "245": 2,
      "252": 53,
      "253": 54,
      "260": 54,
      "261": 54,
      "263": 54,
      "269": 54,
      "279": 2,
      "289": 5,
      "296": 2,
      "306": 9,
      "316": 8,
      "320": 134,
      "328": 1,
      "329": 2,
      "331": 2,
      "332": 1,
      "336": 0,
      "342": 53,
      "344": 54,
      "345": 54,
      "346": 36,
      "347": 54,
      "348": 0
    },
    "path": "/Users/aodhgan/windranger/aodhgan/windranger-treasury/contracts/bond/TimeLockMultiRewardBond.sol",
    "s": {
      "1": 2,
      "2": 132,
      "3": 1,
      "4": 1,
      "5": 3,
      "6": 3,
      "7": 4,
      "8": 4,
      "9": 12,
      "10": 4,
      "11": 2,
      "12": 2,
      "13": 2,
      "14": 6,
      "15": 6,
      "16": 6,
      "17": 2,
      "18": 2,
      "19": 2,
      "20": 48,
      "21": 123,
      "22": 123,
      "23": 87,
      "24": 87,
      "25": 87,
      "26": 87,
      "27": 1,
      "28": 1,
      "29": 1,
      "30": 8,
      "31": 8,
      "32": 8,
      "33": 53,
      "34": 53,
      "35": 53,
      "36": 3,
      "37": 2,
      "38": 2,
      "39": 2,
      "40": 2,
      "41": 53,
      "42": 54,
      "43": 54,
      "44": 54,
      "45": 54,
      "46": 54,
      "47": 2,
      "48": 5,
      "49": 2,
      "50": 9,
      "51": 8,
      "52": 134,
      "53": 1,
      "54": 2,
      "55": 2,
      "56": 1,
      "57": 0,
      "58": 53,
      "59": 54,
      "60": 54,
      "61": 36,
      "62": 54,
      "63": 0
    },
    "b": {
      "1": [1, 1],
      "2": [132, 0],
      "3": [2, 4],
      "4": [123, 0],
      "5": [8, 0],
      "6": [2, 1],
      "7": [54, 0],
      "8": [54, 0],
      "9": [2, 0],
      "10": [1, 1],
      "11": [36, 18],
      "12": [0, 54]
    },
    "f": {
      "1": 2,
      "2": 132,
      "3": 1,
      "4": 4,
      "5": 2,
      "6": 2,
      "7": 48,
      "8": 123,
      "9": 1,
      "10": 8,
      "11": 53,
      "12": 3,
      "13": 53,
      "14": 54,
      "15": 2,
      "16": 5,
      "17": 2,
      "18": 9,
      "19": 8,
      "20": 134,
      "21": 1,
      "22": 53
    },
    "fnMap": {
      "1": {
        "name": "whenRedemptionTimestampSet",
        "line": 48,
        "loc": {
          "start": { "line": 48, "column": 4 },
          "end": { "line": 51, "column": 4 }
        }
      },
      "2": {
        "name": "whenNoRedemptionTimestamp",
        "line": 58,
        "loc": {
          "start": { "line": 58, "column": 4 },
          "end": { "line": 61, "column": 4 }
        }
      },
      "3": {
        "name": "claimAllAvailableRewards",
        "line": 74,
        "loc": {
          "start": { "line": 71, "column": 4 },
          "end": { "line": 82, "column": 4 }
        }
      },
      "4": {
        "name": "allRewardPools",
        "line": 95,
        "loc": {
          "start": { "line": 95, "column": 4 },
          "end": { "line": 107, "column": 4 }
        }
      },
      "5": {
        "name": "availableRewards",
        "line": 119,
        "loc": {
          "start": { "line": 119, "column": 4 },
          "end": { "line": 142, "column": 4 }
        }
      },
      "6": {
        "name": "redemptionTimestamp",
        "line": 144,
        "loc": {
          "start": { "line": 144, "column": 4 },
          "end": { "line": 146, "column": 4 }
        }
      },
      "7": {
        "name": "rewardDebt",
        "line": 153,
        "loc": {
          "start": { "line": 153, "column": 4 },
          "end": { "line": 159, "column": 4 }
        }
      },
      "8": {
        "name": "_calculateRewardDebt",
        "line": 171,
        "loc": {
          "start": { "line": 167, "column": 4 },
          "end": { "line": 183, "column": 4 }
        }
      },
      "9": {
        "name": "_updateRewardTimeLock",
        "line": 188,
        "loc": {
          "start": { "line": 185, "column": 4 },
          "end": { "line": 195, "column": 4 }
        }
      },
      "10": {
        "name": "_setRedemptionTimestamp",
        "line": 205,
        "loc": {
          "start": { "line": 202, "column": 4 },
          "end": { "line": 215, "column": 4 }
        }
      },
      "11": {
        "name": "__TimeLockMultiRewardBond_init",
        "line": 223,
        "loc": {
          "start": { "line": 221, "column": 4 },
          "end": { "line": 228, "column": 4 }
        }
      },
      "12": {
        "name": "_claimReward",
        "line": 234,
        "loc": {
          "start": { "line": 234, "column": 4 },
          "end": { "line": 247, "column": 4 }
        }
      },
      "13": {
        "name": "_registerRewardPools",
        "line": 249,
        "loc": {
          "start": { "line": 249, "column": 4 },
          "end": { "line": 255, "column": 4 }
        }
      },
      "14": {
        "name": "_registerRewardPool",
        "line": 257,
        "loc": {
          "start": { "line": 257, "column": 4 },
          "end": { "line": 270, "column": 4 }
        }
      },
      "15": {
        "name": "_transferReward",
        "line": 274,
        "loc": {
          "start": { "line": 274, "column": 4 },
          "end": { "line": 283, "column": 4 }
        }
      },
      "16": {
        "name": "_hasRewardDebt",
        "line": 285,
        "loc": {
          "start": { "line": 285, "column": 4 },
          "end": { "line": 290, "column": 4 }
        }
      },
      "17": {
        "name": "_rewardDebt",
        "line": 292,
        "loc": {
          "start": { "line": 292, "column": 4 },
          "end": { "line": 297, "column": 4 }
        }
      },
      "18": {
        "name": "_hasTimeLockExpired",
        "line": 301,
        "loc": {
          "start": { "line": 301, "column": 4 },
          "end": { "line": 307, "column": 4 }
        }
      },
      "19": {
        "name": "_isPresentOrFutureTime",
        "line": 311,
        "loc": {
          "start": { "line": 311, "column": 4 },
          "end": { "line": 317, "column": 4 }
        }
      },
      "20": {
        "name": "_isRedemptionTimeSet",
        "line": 319,
        "loc": {
          "start": { "line": 319, "column": 4 },
          "end": { "line": 321, "column": 4 }
        }
      },
      "21": {
        "name": "_rewardPoolByToken",
        "line": 323,
        "loc": {
          "start": { "line": 323, "column": 4 },
          "end": { "line": 337, "column": 4 }
        }
      },
      "22": {
        "name": "_enforceUniqueRewardTokens",
        "line": 339,
        "loc": {
          "start": { "line": 339, "column": 4 },
          "end": { "line": 353, "column": 4 }
        }
      }
    },
    "statementMap": {
      "1": {
        "start": { "line": 49, "column": 8 },
        "end": { "line": 49, "column": 74 }
      },
      "2": {
        "start": { "line": 59, "column": 8 },
        "end": { "line": 59, "column": 71 }
      },
      "3": {
        "start": { "line": 76, "column": 8 },
        "end": { "line": 76, "column": 39 }
      },
      "4": {
        "start": { "line": 78, "column": 8 },
        "end": { "line": 78, "column": 2799 }
      },
      "5": {
        "start": { "line": 79, "column": 12 },
        "end": { "line": 79, "column": 72 }
      },
      "6": {
        "start": { "line": 80, "column": 12 },
        "end": { "line": 80, "column": 45 }
      },
      "7": {
        "start": { "line": 100, "column": 8 },
        "end": { "line": 100, "column": 3730 }
      },
      "8": {
        "start": { "line": 103, "column": 8 },
        "end": { "line": 103, "column": 3775 }
      },
      "9": {
        "start": { "line": 104, "column": 12 },
        "end": { "line": 104, "column": 39 }
      },
      "10": {
        "start": { "line": 106, "column": 8 },
        "end": { "line": 106, "column": 22 }
      },
      "11": {
        "start": { "line": 124, "column": 8 },
        "end": { "line": 124, "column": 4548 }
      },
      "12": {
        "start": { "line": 127, "column": 8 },
        "end": { "line": 127, "column": 39 }
      },
      "13": {
        "start": { "line": 129, "column": 8 },
        "end": { "line": 129, "column": 4698 }
      },
      "14": {
        "start": { "line": 130, "column": 12 },
        "end": { "line": 130, "column": 72 }
      },
      "15": {
        "start": { "line": 131, "column": 12 },
        "end": { "line": 131, "column": 48 }
      },
      "16": {
        "start": { "line": 133, "column": 12 },
[...]
        "end": { "line": 17, "column": 64 }
      },
      "3": {
        "start": { "line": 19, "column": 8 },
        "end": { "line": 19, "column": 618 }
      }
    },
    "branchMap": {
      "1": {
        "line": 16,
        "type": "if",
        "locations": [
          {
            "start": { "line": 16, "column": 8 },
            "end": { "line": 16, "column": 8 }
          },
          {
            "start": { "line": 16, "column": 8 },
            "end": { "line": 16, "column": 8 }
          }
        ]
      },
      "2": {
        "line": 17,
        "type": "if",
        "locations": [
          {
            "start": { "line": 17, "column": 8 },
            "end": { "line": 17, "column": 8 }
          },
          {
            "start": { "line": 17, "column": 8 },
            "end": { "line": 17, "column": 8 }
          }
        ]
      }
    }
  },
  "contracts/sweep/TokenSweep.sol": {
    "l": { "15": 2, "26": 7, "27": 6, "28": 5, "30": 4, "31": 4 },
    "path": "/Users/aodhgan/windranger/aodhgan/windranger-treasury/contracts/sweep/TokenSweep.sol",
    "s": { "1": 2, "2": 7, "3": 6, "4": 5, "5": 4, "6": 4 },
    "b": { "1": [6, 1], "2": [5, 1], "3": [4, 1] },
    "f": { "1": 2, "2": 7 },
    "fnMap": {
      "1": {
        "name": "tokenSweepBeneficiary",
        "line": 14,
        "loc": {
          "start": { "line": 14, "column": 4 },
          "end": { "line": 16, "column": 4 }
        }
      },
      "2": {
        "name": "_setTokenSweepBeneficiary",
        "line": 25,
        "loc": {
          "start": { "line": 25, "column": 4 },
          "end": { "line": 32, "column": 4 }
        }
      }
    },
    "statementMap": {
      "1": {
        "start": { "line": 15, "column": 8 },
        "end": { "line": 15, "column": 27 }
      },
      "2": {
        "start": { "line": 26, "column": 8 },
        "end": { "line": 26, "column": 76 }
      },
      "3": {
        "start": { "line": 27, "column": 8 },
        "end": { "line": 27, "column": 75 }
      },
      "4": {
        "start": { "line": 28, "column": 8 },
        "end": { "line": 28, "column": 78 }
      },
      "5": {
        "start": { "line": 30, "column": 8 },
        "end": { "line": 30, "column": 36 }
      },
      "6": {
        "start": { "line": 31, "column": 8 },
        "end": { "line": 31, "column": 46 }
      }
    },
    "branchMap": {
      "1": {
        "line": 26,
        "type": "if",
        "locations": [
          {
            "start": { "line": 26, "column": 8 },
            "end": { "line": 26, "column": 8 }
          },
          {
            "start": { "line": 26, "column": 8 },
            "end": { "line": 26, "column": 8 }
          }
        ]
      },
      "2": {
        "line": 27,
        "type": "if",
        "locations": [
          {
            "start": { "line": 27, "column": 8 },
            "end": { "line": 27, "column": 8 }
          },
          {
            "start": { "line": 27, "column": 8 },
            "end": { "line": 27, "column": 8 }
          }
        ]
      },
      "3": {
        "line": 28,
        "type": "if",
        "locations": [
          {
            "start": { "line": 28, "column": 8 },
            "end": { "line": 28, "column": 8 }
          },
          {
            "start": { "line": 28, "column": 8 },
            "end": { "line": 28, "column": 8 }
          }
        ]
      }
    }
  },
  "contracts/test/BaseBox.sol": {
    "l": { "27": 0, "29": 0, "40": 0 },
    "path": "/Users/aodhgan/windranger/aodhgan/windranger-treasury/contracts/test/BaseBox.sol",
    "s": { "1": 0, "2": 0, "3": 0 },
    "b": {},
    "f": { "1": 0, "2": 0, "3": 3, "4": 3 },
    "fnMap": {
      "1": {
        "name": "store",
        "line": 26,
        "loc": {
          "start": { "line": 26, "column": 4 },
          "end": { "line": 30, "column": 4 }
        }
      },
      "2": {
        "name": "value",
        "line": 39,
        "loc": {
          "start": { "line": 39, "column": 4 },
          "end": { "line": 41, "column": 4 }
        }
      },
      "3": {
        "name": "initialize",
        "line": 49,
        "loc": {
          "start": { "line": 49, "column": 4 },
          "end": { "line": 49, "column": 54 }
        }
      },
      "4": {
        "name": "_authorizeUpgrade",
        "line": 56,
        "loc": {
          "start": { "line": 56, "column": 4 },
          "end": { "line": 56, "column": 77 }
        }
      }
    },
    "statementMap": {
      "1": {
        "start": { "line": 27, "column": 8 },
        "end": { "line": 27, "column": 24 }
      },
      "2": {
        "start": { "line": 29, "column": 8 },
        "end": { "line": 29, "column": 26 }
      },
      "3": {
        "start": { "line": 40, "column": 8 },
        "end": { "line": 40, "column": 21 }
      }
    },
    "branchMap": {}
  },
  "contracts/test/BitDAO.sol": {
    "l": {},
    "path": "/Users/aodhgan/windranger/aodhgan/windranger-treasury/contracts/test/BitDAO.sol",
    "s": {},
    "b": {},
    "f": {},
    "fnMap": {},
    "statementMap": {},
    "branchMap": {}
  },
  "contracts/test/bond/BondCuratorBox.sol": {
    "l": { "13": 29, "17": 13 },
    "path": "/Users/aodhgan/windranger/aodhgan/windranger-treasury/contracts/test/bond/BondCuratorBox.sol",
    "s": { "1": 29, "2": 13 },
    "b": {},
    "f": { "1": 29, "2": 13 },
    "fnMap": {
      "1": {
        "name": "initialize",
        "line": 12,
        "loc": {
          "start": { "line": 12, "column": 4 },
          "end": { "line": 14, "column": 4 }
        }
      },
      "2": {
        "name": "addBond",
        "line": 16,
        "loc": {
          "start": { "line": 16, "column": 4 },
          "end": { "line": 18, "column": 4 }
        }
      }
    },
    "statementMap": {
      "1": {
        "start": { "line": 13, "column": 8 },
        "end": { "line": 13, "column": 27 }
      },
      "2": {
        "start": { "line": 17, "column": 8 },
        "end": { "line": 17, "column": 28 }
      }
    },
    "branchMap": {}
  },
  "contracts/test/bond/DaoBondConfigurationBox.sol": {
    "l": { "16": 6, "23": 2, "29": 5, "36": 9, "42": 3 },
    "path": "/Users/aodhgan/windranger/aodhgan/windranger-treasury/contracts/test/bond/DaoBondConfigurationBox.sol",
    "s": { "1": 6, "2": 2, "3": 5, "4": 9, "5": 3 },
    "b": {},
    "f": { "1": 6, "2": 2, "3": 5, "4": 9, "5": 3 },
    "fnMap": {
      "1": {
        "name": "constructor",
        "line": 15,
        "loc": {
          "start": { "line": 15, "column": 4 },
          "end": { "line": 17, "column": 4 }
        }
      },
      "2": {
        "name": "daoBondConfiguration",
        "line": 19,
        "loc": {
          "start": { "line": 19, "column": 4 },
          "end": { "line": 24, "column": 4 }
        }
      },
      "3": {
        "name": "setDaoTreasury",
        "line": 26,
        "loc": {
          "start": { "line": 26, "column": 4 },
          "end": { "line": 30, "column": 4 }
        }
      },
      "4": {
        "name": "whitelistDaoCollateral",
        "line": 32,
        "loc": {
          "start": { "line": 32, "column": 4 },
          "end": { "line": 37, "column": 4 }
        }
      },
      "5": {
        "name": "removeWhitelistedDaoCollateral",
        "line": 39,
        "loc": {
          "start": { "line": 39, "column": 4 },
          "end": { "line": 43, "column": 4 }
        }
      }
    },
    "statementMap": {
      "1": {
        "start": { "line": 16, "column": 8 },
        "end": { "line": 16, "column": 36 }
      },
      "2": {
        "start": { "line": 23, "column": 8 },
        "end": { "line": 23, "column": 58 }
      },
      "3": {
        "start": { "line": 29, "column": 8 },
        "end": { "line": 29, "column": 50 }
      },
      "4": {
        "start": { "line": 36, "column": 8 },
        "end": { "line": 36, "column": 60 }
      },
      "5": {
        "start": { "line": 42, "column": 8 },
        "end": { "line": 42, "column": 53 }
      }
    },
    "branchMap": {}
  },
  "contracts/test/bond/ERC20SingleCollateralBondBox.sol": {
    "l": { "8": 21, "12": 42, "20": 57 },
    "path": "/Users/aodhgan/windranger/aodhgan/windranger-treasury/contracts/test/bond/ERC20SingleCollateralBondBox.sol",
    "s": { "1": 21, "2": 42, "3": 57 },
    "b": {},
    "f": { "1": 21, "2": 42, "3": 57, "4": 0 },
    "fnMap": {
      "1": {
        "name": "allowRedemption",
        "line": 7,
        "loc": {
          "start": { "line": 7, "column": 4 },
          "end": { "line": 9, "column": 4 }
        }
      },
      "2": {
        "name": "deposit",
        "line": 11,
        "loc": {
          "start": { "line": 11, "column": 4 },
          "end": { "line": 13, "column": 4 }
        }
      },
      "3": {
        "name": "initialize",
        "line": 19,
        "loc": {
          "start": { "line": 15, "column": 4 },
          "end": { "line": 21, "column": 4 }
        }
      },
      "4": {
        "name": "updateRewardTimeLock",
        "line": 23,
        "loc": {
          "start": { "line": 23, "column": 4 },
          "end": { "line": 26, "column": 5 }
        }
      }
    },
    "statementMap": {
      "1": {
        "start": { "line": 8, "column": 8 },
        "end": { "line": 8, "column": 31 }
      },
      "2": {
        "start": { "line": 12, "column": 8 },
        "end": { "line": 12, "column": 23 }
      },
      "3": {
        "start": { "line": 20, "column": 8 },
        "end": { "line": 20, "column": 74 }
      }
    },
    "branchMap": {}
  },
  "contracts/test/bond/RoleAccessControlBox.sol": {
    "l": { "16": 3 },
    "path": "/Users/aodhgan/windranger/aodhgan/windranger-treasury/contracts/test/bond/RoleAccessControlBox.sol",
    "s": { "1": 3 },
    "b": {},
    "f": { "1": 3 },
    "fnMap": {
      "1": {
        "name": "constructor",
        "line": 15,
        "loc": {
          "start": { "line": 15, "column": 4 },
          "end": { "line": 17, "column": 4 }
        }
      }
    },
    "statementMap": {
      "1": {
        "start": { "line": 16, "column": 8 },
        "end": { "line": 16, "column": 33 }
      }
    },
    "branchMap": {}
  },
  "contracts/test/bond/TimeLockMultiRewardBondBox.sol": {
    "l": { "10": 3, "11": 3, "18": 6, "22": 2, "26": 6 },
    "path": "/Users/aodhgan/windranger/aodhgan/windranger-treasury/contracts/test/bond/TimeLockMultiRewardBondBox.sol",
    "s": { "1": 3, "2": 3, "3": 6, "4": 2, "5": 6 },
    "b": {},
    "f": { "1": 3, "2": 6, "3": 2, "4": 6 },
    "fnMap": {
      "1": {
        "name": "claimantDebt",
        "line": 9,
        "loc": {
          "start": { "line": 9, "column": 4 },
          "end": { "line": 12, "column": 4 }
        }
      },
      "2": {
        "name": "initialize",
        "line": 16,
        "loc": {
          "start": { "line": 14, "column": 4 },
          "end": { "line": 19, "column": 4 }
        }
      },
      "3": {
        "name": "setRedemptionTimestamp",
        "line": 21,
        "loc": {
          "start": { "line": 21, "column": 4 },
          "end": { "line": 23, "column": 4 }
        }
      },
      "4": {
        "name": "totalSupply",
        "line": 25,
        "loc": {
          "start": { "line": 25, "column": 4 },
          "end": { "line": 27, "column": 4 }
        }
      }
    },
    "statementMap": {
      "1": {
        "start": { "line": 10, "column": 8 },
        "end": { "line": 10, "column": 39 }
      },
      "2": {
        "start": { "line": 11, "column": 8 },
        "end": { "line": 11, "column": 60 }
      },
      "3": {
        "start": { "line": 18, "column": 8 },
        "end": { "line": 18, "column": 46 }
      },
      "4": {
        "start": { "line": 22, "column": 8 },
        "end": { "line": 22, "column": 56 }
      },
      "5": {
        "start": { "line": 26, "column": 8 },
        "end": { "line": 26, "column": 28 }
      }
    },
    "branchMap": {}
  },
  "contracts/test/Box.sol": {
    "l": {},
    "path": "/Users/aodhgan/windranger/aodhgan/windranger-treasury/contracts/test/Box.sol",
    "s": {},
    "b": {},
    "f": {},
    "fnMap": {},
    "statementMap": {},
    "branchMap": {}
  },
  "contracts/test/BoxExtension.sol": {
    "l": {},
    "path": "/Users/aodhgan/windranger/aodhgan/windranger-treasury/contracts/test/BoxExtension.sol",
    "s": {},
    "b": {},
    "f": {},
    "fnMap": {},
    "statementMap": {},
    "branchMap": {}
  },
  "contracts/test/SweepERC20TokensHarness.sol": {
    "l": { "9": 6, "13": 3 },
    "path": "/Users/aodhgan/windranger/aodhgan/windranger-treasury/contracts/test/SweepERC20TokensHarness.sol",
    "s": { "1": 6, "2": 3 },
    "b": {},
    "f": { "1": 6, "2": 3 },
    "fnMap": {
      "1": {
        "name": "setBeneficiary",
        "line": 8,
        "loc": {
          "start": { "line": 8, "column": 4 },
          "end": { "line": 10, "column": 4 }
        }
      },
      "2": {
        "name": "sweepERC20Tokens",
        "line": 12,
        "loc": {
          "start": { "line": 12, "column": 4 },
          "end": { "line": 14, "column": 4 }
        }
      }
    },
    "statementMap": {
      "1": {
        "start": { "line": 9, "column": 8 },
        "end": { "line": 9, "column": 45 }
      },
      "2": {
        "start": { "line": 13, "column": 8 },
        "end": { "line": 13, "column": 39 }
      }
    },
    "branchMap": {}
  },
  "contracts/test/SweepERC721TokensHarness.sol": {
    "l": { "9": 1, "13": 3 },
    "path": "/Users/aodhgan/windranger/aodhgan/windranger-treasury/contracts/test/SweepERC721TokensHarness.sol",
    "s": { "1": 1, "2": 3 },
    "b": {},
    "f": { "1": 1, "2": 3 },
    "fnMap": {
      "1": {
        "name": "setBeneficiary",
        "line": 8,
        "loc": {
          "start": { "line": 8, "column": 4 },
          "end": { "line": 10, "column": 4 }
        }
      },
      "2": {
        "name": "sweepERC721Tokens",
        "line": 12,
        "loc": {
          "start": { "line": 12, "column": 4 },
          "end": { "line": 14, "column": 4 }
        }
      }
    },
    "statementMap": {
      "1": {
        "start": { "line": 9, "column": 8 },
        "end": { "line": 9, "column": 45 }
      },
      "2": {
        "start": { "line": 13, "column": 8 },
        "end": { "line": 13, "column": 41 }
      }
    },
    "branchMap": {}
  },
  "contracts/treasury/ERC20Treasury.sol": {
    "l": { "19": 0, "20": 0 },
    "path": "/Users/aodhgan/windranger/aodhgan/windranger-treasury/contracts/treasury/ERC20Treasury.sol",
    "s": { "1": 0, "2": 0 },
    "b": {},
    "f": { "1": 0, "2": 0, "3": 0, "4": 0 },
    "fnMap": {
      "1": {
        "name": "constructor",
        "line": 18,
        "loc": {
          "start": { "line": 18, "column": 4 },
          "end": { "line": 21, "column": 4 }
        }
      },
      "2": {
        "name": "addERC20",
        "line": 23,
        "loc": {
          "start": { "line": 23, "column": 4 },
          "end": { "line": 27, "column": 4 }
        }
      },
      "3": {
        "name": "depositERC20",
        "line": 29,
        "loc": {
          "start": { "line": 29, "column": 4 },
          "end": { "line": 38, "column": 4 }
        }
      },
      "4": {
        "name": "withdrawERC20",
        "line": 40,
        "loc": {
          "start": { "line": 40, "column": 4 },
          "end": { "line": 48, "column": 4 }
        }
      }
    },
    "statementMap": {
      "1": {
        "start": { "line": 19, "column": 8 },
        "end": { "line": 19, "column": 33 }
      },
      "2": {
        "start": { "line": 20, "column": 8 },
        "end": { "line": 20, "column": 35 }
      }
    },
    "branchMap": {}
  },
  "contracts/treasury/ERC721Treasury.sol": {
    "l": { "21": 0, "22": 0, "35": 0 },
    "path": "/Users/aodhgan/windranger/aodhgan/windranger-treasury/contracts/treasury/ERC721Treasury.sol",
    "s": { "1": 0, "2": 0, "3": 0 },
    "b": {},
    "f": { "1": 0, "2": 0, "3": 0, "4": 0, "5": 0 },
    "fnMap": {
      "1": {
        "name": "constructor",
        "line": 19,
        "loc": {
          "start": { "line": 19, "column": 4 },
          "end": { "line": 23, "column": 4 }
        }
      },
      "2": {
        "name": "onERC721Received",
        "line": 25,
        "loc": {
          "start": { "line": 25, "column": 4 },
          "end": { "line": 36, "column": 4 }
        }
      },
      "3": {
        "name": "doSomethingWith721Token",
        "line": 38,
        "loc": {
          "start": { "line": 38, "column": 4 },
          "end": { "line": 42, "column": 4 }
        }
      },
      "4": {
        "name": "depositERC721",
        "line": 44,
        "loc": {
          "start": { "line": 44, "column": 4 },
          "end": { "line": 47, "column": 4 }
        }
      },
      "5": {
        "name": "withdrawERC721",
        "line": 49,
        "loc": {
          "start": { "line": 49, "column": 4 },
          "end": { "line": 53, "column": 4 }
        }
      }
    },
    "statementMap": {
      "1": {
        "start": { "line": 21, "column": 8 },
        "end": { "line": 21, "column": 33 }
      },
      "2": {
        "start": { "line": 22, "column": 8 },
        "end": { "line": 22, "column": 35 }
      },
      "3": {
        "start": { "line": 35, "column": 8 },
        "end": { "line": 35, "column": 56 }
      }
    },
    "branchMap": {}
  },
  "contracts/treasury/ETHTreasury.sol": {
    "l": { "28": 0, "29": 0, "42": 0, "43": 0 },
    "path": "/Users/aodhgan/windranger/aodhgan/windranger-treasury/contracts/treasury/ETHTreasury.sol",
    "s": { "1": 0, "2": 0, "3": 0, "4": 0 },
    "b": { "1": [0, 0] },
    "f": { "1": 0, "2": 0, "3": 0, "4": 0 },
    "fnMap": {
      "1": {
        "name": null,
        "line": 23,
        "loc": {
          "start": { "line": 23, "column": 4 },
          "end": { "line": 25, "column": 4 }
        }
      },
      "2": {
        "name": "constructor",
        "line": 27,
        "loc": {
          "start": { "line": 27, "column": 4 },
          "end": { "line": 30, "column": 4 }
        }
      },
      "3": {
        "name": "depositETH",
        "line": 32,
        "loc": {
          "start": { "line": 32, "column": 4 },
          "end": { "line": 35, "column": 4 }
        }
      },
      "4": {
        "name": "withdrawETH",
        "line": 38,
        "loc": {
          "start": { "line": 38, "column": 4 },
          "end": { "line": 44, "column": 4 }
        }
      }
    },
    "statementMap": {
      "1": {
        "start": { "line": 28, "column": 8 },
        "end": { "line": 28, "column": 33 }
      },
      "2": {
        "start": { "line": 29, "column": 8 },
        "end": { "line": 29, "column": 35 }
      },
      "3": {
        "start": { "line": 42, "column": 8 },
        "end": { "line": 42, "column": 70 }
      },
      "4": {
        "start": { "line": 43, "column": 8 },
        "end": { "line": 43, "column": 44 }
      }
    },
    "branchMap": {
      "1": {
        "line": 43,
        "type": "if",
        "locations": [
          {
            "start": { "line": 43, "column": 8 },
            "end": { "line": 43, "column": 8 }
          },
          {
            "start": { "line": 43, "column": 8 },
            "end": { "line": 43, "column": 8 }
          }
        ]
      }
    }
  },
  "contracts/treasury/Treasury.sol": {
    "l": {},
    "path": "/Users/aodhgan/windranger/aodhgan/windranger-treasury/contracts/treasury/Treasury.sol",
    "s": {},
    "b": {},
    "f": { "1": 0 },
    "fnMap": {
      "1": {
        "name": "constructor",
        "line": 25,
        "loc": {
          "start": { "line": 15, "column": 4 },
          "end": { "line": 26, "column": 5 }
        }
      }
    },
    "statementMap": {},
    "branchMap": {}
  },
  "contracts/Version.sol": {
    "l": {},
    "path": "/Users/aodhgan/windranger/aodhgan/windranger-treasury/contracts/Version.sol",
    "s": {},
    "b": {},
    "f": {},
    "fnMap": {},
    "statementMap": {},
    "branchMap": {}
  }
}
